TN:
SF:cli-ts/src/Flavour.ts
FNF:8
FNH:4
DA:9,65
DA:10,2
DA:13,89
DA:14,27
DA:15,39
DA:17,2
DA:20,65
DA:22,74
DA:25,66
DA:28,50
DA:29,64
DA:30,8
DA:33,62
DA:35,0
DA:36,0
DA:37,0
DA:38,0
DA:39,0
DA:40,0
DA:41,73
DA:45,0
DA:46,0
DA:47,0
DA:48,0
DA:49,0
DA:50,0
DA:51,0
DA:52,0
DA:53,87
DA:58,0
DA:59,58
LF:62
LH:16
end_of_record
TN:
SF:cli-ts/src/internal/Comment.ts
FNF:91
FNH:46
DA:80,5
DA:82,24
DA:83,89
DA:84,128
DA:85,9
DA:86,83
DA:89,23
DA:91,0
DA:92,36
DA:94,2
DA:100,50
DA:101,38
DA:102,68
DA:104,41
DA:106,24
DA:107,65
DA:108,80
DA:109,9
DA:110,59
DA:113,23
DA:115,0
DA:116,24
DA:118,2
DA:124,66
DA:125,38
DA:126,84
DA:128,41
DA:130,24
DA:131,81
DA:132,112
DA:133,9
DA:134,75
DA:137,23
DA:139,0
DA:140,32
DA:142,2
DA:148,58
DA:149,38
DA:150,76
DA:152,41
DA:154,24
DA:155,73
DA:156,96
DA:157,9
DA:158,67
DA:161,23
DA:163,0
DA:164,28
DA:166,2
DA:172,52
DA:173,38
DA:174,70
DA:176,41
DA:178,24
DA:179,67
DA:180,84
DA:181,9
DA:182,61
DA:185,23
DA:187,0
DA:188,25
DA:190,2
DA:196,60
DA:197,38
DA:198,78
DA:200,41
DA:202,24
DA:203,75
DA:204,100
DA:205,9
DA:206,69
DA:209,23
DA:211,0
DA:212,29
DA:214,2
DA:220,66
DA:221,38
DA:222,84
DA:224,41
DA:226,24
DA:227,81
DA:228,112
DA:229,9
DA:230,75
DA:233,23
DA:235,0
DA:236,32
DA:238,2
DA:244,68
DA:245,38
DA:246,86
DA:248,41
DA:250,24
DA:251,83
DA:252,116
DA:253,9
DA:254,77
DA:257,23
DA:259,0
DA:260,33
DA:262,2
DA:272,48
DA:273,38
DA:274,51
DA:276,99
DA:278,0
DA:279,39
DA:282,0
DA:283,68
DA:285,2
DA:291,58
DA:292,38
DA:293,61
DA:295,115
DA:297,0
DA:298,61
DA:301,0
DA:302,0
DA:303,0
DA:304,0
DA:305,0
DA:306,0
DA:307,71
DA:310,2
DA:330,52
DA:331,46
DA:332,49
DA:334,99
DA:336,0
DA:337,41
DA:340,0
DA:341,70
DA:343,2
DA:349,44
DA:350,46
DA:351,41
DA:353,99
DA:355,0
DA:356,37
DA:359,0
DA:360,66
DA:362,2
DA:368,50
DA:369,46
DA:370,47
DA:372,99
DA:374,0
DA:375,40
DA:378,0
DA:379,69
DA:381,2
DA:387,50
DA:388,46
DA:389,47
DA:391,99
DA:393,0
DA:394,42
DA:397,32
DA:398,132
DA:400,2
DA:406,56
DA:407,46
DA:408,68
DA:410,41
DA:412,24
DA:413,71
DA:414,92
DA:415,9
DA:416,65
DA:419,23
DA:421,0
DA:422,24
DA:424,2
DA:430,46
DA:431,46
DA:432,58
DA:434,41
DA:436,24
DA:437,61
DA:438,72
DA:439,9
DA:440,55
DA:443,23
DA:445,0
DA:446,19
DA:448,2
DA:472,52
DA:473,38
DA:474,55
DA:476,83
DA:478,0
DA:479,50
DA:482,32
DA:483,14
DA:484,62
DA:485,86
DA:486,119
DA:489,2
DA:495,48
DA:496,38
DA:497,51
DA:499,75
DA:501,0
DA:502,54
DA:505,0
DA:506,0
DA:507,79
DA:511,2
DA:517,64
DA:518,38
DA:519,67
DA:521,75
DA:523,0
DA:524,62
DA:527,0
DA:528,0
DA:529,0
DA:530,50
DA:534,2
DA:541,70
DA:542,38
DA:543,73
DA:545,75
DA:547,0
DA:548,65
DA:551,0
DA:552,0
DA:553,0
DA:554,50
DA:558,2
DA:564,56
DA:565,38
DA:566,59
DA:568,99
DA:570,0
DA:571,54
DA:574,0
DA:575,0
DA:576,0
DA:577,0
DA:578,0
DA:579,0
DA:580,0
DA:581,0
DA:582,0
DA:583,0
DA:584,0
DA:585,0
DA:586,0
DA:587,0
DA:588,0
DA:589,0
DA:590,0
DA:591,0
DA:592,0
DA:593,17
DA:595,2
DA:605,38
DA:606,37
DA:608,83
DA:610,0
DA:611,22
DA:614,0
DA:615,59
DA:617,2
DA:627,103
DA:632,88
DA:633,46
DA:643,111
DA:644,102
DA:645,74
DA:646,102
DA:647,128
DA:653,106
DA:654,68
DA:660,91
DA:661,66
DA:668,106
DA:669,18
DA:670,24
DA:671,10
DA:672,83
DA:673,33
DA:674,9
DA:675,20
DA:687,98
DA:691,144
DA:692,96
DA:693,128
DA:694,112
DA:695,100
DA:696,116
DA:697,128
DA:698,131
DA:703,0
DA:704,0
DA:705,0
DA:706,0
DA:707,43
DA:713,100
DA:714,60
DA:720,0
DA:721,41
DA:727,0
DA:728,34
DA:734,0
DA:735,36
DA:741,0
DA:742,44
DA:748,0
DA:749,0
DA:750,0
DA:751,47
DA:757,0
DA:758,38
DA:770,127
DA:774,105
DA:775,64
DA:781,85
DA:782,56
DA:788,100
DA:789,62
DA:795,101
DA:796,62
DA:802,96
DA:807,81
DA:812,0
DA:813,0
DA:814,0
DA:815,0
DA:816,37
DA:827,64
DA:828,51
DA:829,69
DA:830,85
DA:831,88
DA:832,58
DA:833,136
DA:836,81
DA:837,85
DA:838,95
DA:839,21
DA:840,15
DA:841,69
DA:842,8
DA:843,89
DA:844,69
DA:845,85
DA:846,62
DA:847,101
DA:848,62
DA:849,107
DA:850,62
DA:851,93
DA:852,56
DA:853,21
DA:854,86
DA:855,62
DA:856,78
DA:857,70
DA:858,64
DA:859,72
DA:860,78
DA:861,75
DA:862,18
DA:864,29
DA:865,7
DA:867,16
DA:868,5
DA:870,57
DA:872,4
DA:877,72
DA:878,0
DA:879,0
DA:880,0
DA:881,0
DA:882,0
DA:883,0
DA:884,0
DA:885,0
DA:886,0
DA:887,0
DA:888,0
DA:889,0
DA:890,0
DA:891,0
DA:892,0
DA:893,53
DA:895,4
DA:900,64
DA:901,45
DA:902,63
DA:903,53
DA:904,82
DA:905,70
DA:906,34
DA:907,56
DA:908,44
DA:909,64
DA:910,30
DA:911,47
DA:912,26
DA:913,43
DA:914,23
DA:915,40
DA:916,27
DA:917,44
DA:918,30
DA:919,47
DA:920,31
DA:921,53
DA:922,42
DA:923,89
DA:927,69
DA:929,5
DA:931,59
DA:933,3
LF:934
LH:326
end_of_record
TN:
SF:cli-ts/src/internal/Comments.ts
FNF:47
FNH:45
DA:36,76
DA:38,68
DA:39,70
DA:40,92
DA:45,189
DA:58,42
DA:59,14
DA:60,133
DA:67,39
DA:68,61
DA:74,0
DA:75,0
DA:76,0
DA:77,0
DA:78,0
DA:79,0
DA:80,0
DA:81,0
DA:82,0
DA:83,5
DA:100,1
DA:106,31
DA:107,38
DA:114,21
DA:115,105
DA:122,27
DA:124,48
DA:125,50
DA:127,93
DA:128,66
DA:129,63
DA:130,30
DA:131,82
DA:132,50
DA:133,22
DA:134,27
DA:137,9
DA:138,9
DA:140,127
DA:141,31
DA:142,9
DA:145,50
DA:146,76
DA:147,72
DA:148,12
DA:150,127
DA:157,53
DA:159,147
DA:160,147
DA:161,9
DA:163,22
DA:164,145
DA:165,13
DA:167,53
DA:168,20
DA:169,57
DA:170,17
DA:178,24
DA:179,23
DA:186,28
DA:187,67
DA:194,24
DA:195,83
DA:202,23
DA:203,65
DA:210,24
DA:211,57
DA:218,30
DA:219,113
DA:220,57
DA:221,78
DA:222,27
DA:223,78
DA:224,27
DA:225,27
DA:226,106
DA:234,42
DA:235,24
DA:236,18
DA:237,13
DA:238,22
DA:239,53
DA:240,2
DA:241,9
DA:248,21
DA:249,79
DA:256,29
DA:257,24
DA:258,8
DA:259,13
DA:260,22
DA:261,35
DA:262,2
DA:263,8
DA:265,2
DA:275,100
DA:276,41
DA:281,24
DA:282,67
DA:283,84
DA:284,9
DA:285,61
DA:288,27
DA:289,28
DA:296,24
DA:297,44
DA:299,2
DA:309,69
DA:314,79
DA:315,60
DA:322,104
DA:323,130
DA:324,66
DA:331,83
DA:332,55
DA:333,57
DA:334,27
DA:335,59
DA:343,108
DA:344,24
DA:345,8
DA:346,13
DA:347,52
DA:348,33
DA:349,2
DA:350,10
DA:357,111
DA:358,56
DA:365,99
DA:366,38
DA:368,83
DA:369,76
DA:370,58
DA:371,9
DA:374,139
DA:375,14
DA:376,63
DA:377,117
DA:378,65
DA:379,9
DA:380,28
DA:381,28
DA:383,12
DA:385,68
DA:392,91
DA:393,30
DA:400,100
DA:401,44
DA:402,39
DA:403,144
DA:404,4
DA:405,24
DA:412,113
DA:413,20
DA:414,28
DA:415,10
DA:416,92
DA:427,66
DA:428,53
DA:429,85
DA:430,73
DA:431,87
DA:432,76
DA:433,143
DA:434,16
DA:435,51
DA:437,8
DA:439,4
DA:444,66
DA:445,45
DA:446,85
DA:447,67
DA:448,55
DA:449,86
DA:452,105
DA:453,16
DA:454,57
DA:456,12
DA:457,68
DA:459,3
LF:468
LH:171
end_of_record
TN:
SF:cli-ts/src/internal/Digest.ts
FNF:10
FNH:8
DA:7,82
DA:21,67
DA:22,35
DA:23,92
DA:24,88
DA:26,4
DA:31,73
DA:32,0
DA:33,18
DA:35,3
DA:42,1
DA:44,37
DA:45,50
DA:51,25
DA:52,83
DA:53,100
DA:54,9
DA:55,65
DA:61,34
DA:62,50
DA:63,98
DA:64,37
DA:70,54
DA:71,68
DA:73,65
DA:74,96
DA:75,45
DA:76,12
DA:78,115
DA:84,37
DA:85,105
DA:91,0
DA:92,51
DA:94,2
LF:95
LH:32
end_of_record
TN:
SF:cli-ts/src/internal/EscapeStrings.ts
FNF:4
FNH:0
DA:12,0
DA:13,1
DA:20,0
DA:30,0
DA:31,0
DA:32,0
DA:33,0
DA:34,0
DA:35,0
DA:36,0
DA:37,0
DA:38,0
DA:39,0
DA:40,0
DA:41,0
DA:42,0
DA:43,0
DA:44,0
DA:45,0
DA:46,0
DA:47,0
DA:48,0
DA:49,0
DA:50,0
DA:51,0
DA:52,0
DA:53,0
DA:54,0
DA:55,0
DA:56,0
DA:57,0
DA:58,0
DA:59,0
DA:60,0
DA:61,0
DA:62,0
DA:63,0
DA:64,0
DA:65,0
DA:66,0
DA:67,0
DA:68,0
DA:69,0
DA:70,0
DA:71,0
DA:72,0
DA:73,0
DA:74,0
DA:75,0
DA:76,0
DA:77,0
DA:78,0
DA:79,0
DA:80,0
DA:81,0
DA:82,0
DA:83,0
DA:84,0
DA:85,0
DA:86,0
DA:87,0
DA:88,0
DA:89,0
DA:90,0
DA:91,0
DA:92,0
DA:93,0
DA:94,0
DA:95,0
DA:96,0
DA:97,0
DA:98,0
DA:99,0
DA:100,0
DA:101,0
DA:102,0
DA:103,0
DA:112,0
LF:115
LH:1
end_of_record
TN:
SF:cli-ts/src/internal/IArray.ts
FNF:145
FNH:98
DA:15,37
DA:16,22
DA:17,22
DA:18,6
DA:19,24
DA:20,54
DA:21,36
DA:22,6
DA:31,64
DA:32,74
DA:33,4
DA:35,64
DA:36,34
DA:37,4
DA:39,66
DA:40,50
DA:41,4
DA:47,1
DA:49,83
DA:53,61
DA:54,103
DA:57,12
DA:58,10
DA:59,34
DA:60,10
DA:61,110
DA:62,85
DA:63,66
DA:64,9
DA:65,35
DA:68,30
DA:69,54
DA:70,29
DA:73,21
DA:74,54
DA:77,22
DA:78,89
DA:81,31
DA:82,85
DA:83,60
DA:84,9
DA:85,33
DA:88,23
DA:89,69
DA:93,24
DA:94,101
DA:95,65
DA:96,31
DA:97,9
DA:98,9
DA:99,29
DA:102,21
DA:103,16
DA:104,24
DA:105,8
DA:106,10
DA:107,48
DA:108,125
DA:109,68
DA:110,69
DA:111,80
DA:112,42
DA:113,9
DA:114,9
DA:115,41
DA:116,82
DA:117,8
DA:119,2
DA:124,64
DA:125,42
DA:126,40
DA:127,41
DA:128,90
DA:129,0
DA:130,65
DA:131,0
DA:132,79
DA:133,0
DA:134,0
DA:135,0
DA:136,15
DA:137,0
DA:138,57
DA:139,0
DA:140,76
DA:141,0
DA:142,53
DA:143,4
DA:148,44
DA:149,16
DA:150,17
DA:152,53
DA:153,46
DA:154,64
DA:158,43
DA:159,87
DA:162,38
DA:163,149
DA:166,19
DA:167,18
DA:173,10
DA:174,44
DA:175,73
DA:176,69
DA:178,163
DA:179,81
DA:180,72
DA:181,17
DA:183,35
DA:185,69
DA:187,9
DA:188,9
DA:189,81
DA:192,35
DA:193,133
DA:196,44
DA:197,78
DA:198,123
DA:201,47
DA:202,93
DA:205,58
DA:206,144
DA:209,59
DA:212,23
DA:213,59
DA:216,24
DA:217,51
DA:220,35
DA:221,55
DA:224,31
DA:225,84
DA:226,78
DA:227,9
DA:228,55
DA:231,29
DA:232,84
DA:233,78
DA:234,9
DA:235,55
DA:238,59
DA:239,143
DA:242,37
DA:243,87
DA:247,21
DA:248,49
DA:249,43
DA:250,9
DA:252,88
DA:253,87
DA:254,70
DA:255,9
DA:257,113
DA:260,25
DA:261,87
DA:262,42
DA:263,9
DA:266,25
DA:267,49
DA:268,43
DA:269,9
DA:271,62
DA:272,48
DA:273,91
DA:274,84
DA:275,9
DA:277,84
DA:278,48
DA:279,87
DA:280,78
DA:281,99
DA:282,96
DA:283,9
DA:284,9
DA:286,109
DA:289,44
DA:290,52
DA:291,87
DA:292,80
DA:293,9
DA:294,35
DA:297,0
DA:298,0
DA:299,0
DA:300,0
DA:301,0
DA:302,21
DA:305,26
DA:306,49
DA:307,83
DA:308,9
DA:309,62
DA:310,32
DA:311,65
DA:312,86
DA:313,26
DA:314,9
DA:315,33
DA:318,0
DA:319,29
DA:322,0
DA:323,0
DA:324,0
DA:325,0
DA:326,0
DA:327,0
DA:328,0
DA:329,0
DA:330,0
DA:331,0
DA:332,20
DA:335,32
DA:336,103
DA:339,0
DA:340,55
DA:343,39
DA:344,38
DA:345,87
DA:346,77
DA:347,30
DA:348,9
DA:349,9
DA:350,37
DA:354,26
DA:355,103
DA:358,20
DA:359,14
DA:360,39
DA:361,26
DA:362,84
DA:363,13
DA:367,23
DA:368,0
DA:369,0
DA:370,0
DA:371,0
DA:372,30
DA:375,20
DA:376,14
DA:377,33
DA:378,26
DA:379,84
DA:380,13
DA:384,26
DA:385,111
DA:388,20
DA:389,14
DA:390,39
DA:391,26
DA:392,84
DA:393,13
DA:397,26
DA:398,131
DA:401,20
DA:402,14
DA:403,39
DA:404,26
DA:405,84
DA:406,9
DA:411,40
DA:412,87
DA:413,79
DA:414,31
DA:415,9
DA:416,9
DA:417,29
DA:420,40
DA:421,87
DA:422,77
DA:423,29
DA:424,9
DA:425,9
DA:426,31
DA:429,32
DA:430,87
DA:431,68
DA:432,71
DA:433,51
DA:434,9
DA:435,9
DA:436,19
DA:439,51
DA:440,60
DA:441,61
DA:442,73
DA:443,23
DA:444,13
DA:445,16
DA:446,9
DA:447,25
DA:450,0
DA:451,0
DA:452,0
DA:453,0
DA:454,0
DA:455,0
DA:456,0
DA:457,0
DA:458,16
DA:461,64
DA:462,60
DA:463,61
DA:464,77
DA:465,23
DA:466,13
DA:467,16
DA:468,9
DA:469,25
DA:472,38
DA:473,87
DA:474,68
DA:475,61
DA:476,31
DA:477,9
DA:478,9
DA:479,19
DA:482,27
DA:483,49
DA:484,43
DA:485,9
DA:487,88
DA:488,48
DA:489,87
DA:490,68
DA:491,71
DA:492,96
DA:493,9
DA:494,9
DA:496,113
DA:499,40
DA:500,49
DA:501,27
DA:502,9
DA:504,70
DA:505,48
DA:506,87
DA:507,68
DA:508,61
DA:509,72
DA:510,9
DA:511,9
DA:513,109
DA:516,43
DA:517,101
DA:520,23
DA:521,63
DA:525,30
DA:526,76
DA:527,76
DA:529,96
DA:530,80
DA:532,87
DA:533,60
DA:534,9
DA:535,87
DA:536,88
DA:537,9
DA:539,105
DA:543,31
DA:544,76
DA:545,80
DA:546,42
DA:547,87
DA:548,68
DA:549,9
DA:550,105
DA:554,30
DA:555,76
DA:556,80
DA:557,87
DA:558,60
DA:559,9
DA:560,62
DA:561,105
DA:565,0
DA:566,0
DA:567,0
DA:568,0
DA:569,0
DA:570,0
DA:571,0
DA:572,0
DA:573,0
DA:574,0
DA:575,0
DA:576,0
DA:577,0
DA:578,0
DA:579,56
DA:583,39
DA:584,59
DA:588,0
DA:589,0
DA:590,0
DA:591,0
DA:592,0
DA:593,0
DA:594,0
DA:595,0
DA:596,0
DA:597,0
DA:598,0
DA:599,0
DA:600,0
DA:601,0
DA:602,56
DA:605,22
DA:606,134
DA:607,94
DA:608,98
DA:610,80
DA:611,28
DA:612,57
DA:613,64
DA:614,22
DA:615,9
DA:616,105
DA:619,27
DA:620,144
DA:621,94
DA:622,79
DA:624,80
DA:625,94
DA:626,28
DA:627,57
DA:628,90
DA:629,22
DA:630,9
DA:631,105
DA:634,43
DA:635,65
DA:637,28
DA:638,117
DA:639,16
DA:640,9
DA:642,107
DA:645,22
DA:646,102
DA:647,98
DA:649,80
DA:650,28
DA:651,57
DA:652,72
DA:653,22
DA:654,9
DA:655,105
DA:658,27
DA:659,102
DA:660,123
DA:663,43
DA:664,73
DA:666,36
DA:667,133
DA:668,24
DA:669,9
DA:671,53
DA:674,23
DA:675,92
DA:676,84
DA:677,32
DA:678,65
DA:679,108
DA:680,26
DA:681,9
DA:682,109
DA:685,29
DA:686,116
DA:687,98
DA:689,80
DA:690,83
DA:691,96
DA:692,9
DA:693,105
DA:696,28
DA:697,92
DA:699,84
DA:700,87
DA:701,70
DA:702,9
DA:703,109
DA:706,43
DA:707,82
DA:708,84
DA:709,44
DA:710,46
DA:712,87
DA:713,72
DA:714,65
DA:715,70
DA:716,31
DA:717,83
DA:719,9
DA:721,28
DA:722,96
DA:723,94
DA:724,9
DA:727,0
DA:728,0
DA:729,0
DA:730,0
DA:731,0
DA:732,42
DA:735,0
DA:736,51
DA:740,32
DA:741,36
DA:742,62
DA:743,58
DA:745,27
DA:746,28
DA:747,61
DA:748,99
DA:749,35
DA:750,103
DA:753,0
DA:754,0
DA:755,0
DA:756,0
DA:757,0
DA:758,0
DA:759,0
DA:760,0
DA:761,58
DA:765,24
DA:766,71
DA:767,48
DA:768,48
DA:769,69
DA:770,76
DA:771,22
DA:772,9
DA:775,0
DA:776,36
DA:779,40
DA:780,82
DA:782,114
DA:783,54
DA:784,109
DA:787,35
DA:788,130
DA:789,134
DA:792,35
DA:793,130
DA:794,131
DA:797,0
DA:798,0
DA:799,0
DA:800,0
DA:801,0
DA:802,0
DA:803,0
DA:804,0
DA:805,0
DA:806,0
DA:807,0
DA:808,0
DA:809,0
DA:810,0
DA:811,0
DA:812,21
DA:815,43
DA:816,134
DA:818,34
DA:819,32
DA:820,42
DA:822,32
DA:823,65
DA:824,70
DA:825,50
DA:826,115
DA:827,46
DA:828,44
DA:829,40
DA:830,13
DA:831,26
DA:832,9
DA:833,35
DA:836,24
DA:837,82
DA:839,84
DA:840,50
DA:841,48
DA:842,52
DA:844,87
DA:845,66
DA:846,59
DA:847,46
DA:848,70
DA:849,31
DA:850,55
DA:852,9
DA:854,145
DA:858,21
DA:859,67
DA:862,0
DA:863,28
DA:866,0
DA:867,28
DA:870,23
DA:871,85
DA:872,35
DA:873,71
DA:876,21
DA:877,54
DA:878,87
DA:879,82
DA:880,54
DA:881,9
DA:882,33
DA:885,25
DA:886,54
DA:887,87
DA:888,68
DA:889,54
DA:890,78
DA:891,45
DA:892,92
DA:893,31
DA:894,95
DA:896,9
DA:897,33
DA:900,0
DA:901,0
DA:902,0
DA:903,0
DA:904,0
DA:905,0
DA:906,0
DA:907,0
DA:908,0
DA:909,0
DA:910,0
DA:911,0
DA:912,0
DA:913,0
DA:914,0
DA:915,0
DA:916,0
DA:917,0
DA:918,0
DA:919,0
DA:920,63
DA:923,0
DA:924,0
DA:925,0
DA:926,0
DA:927,0
DA:928,0
DA:929,0
DA:930,0
DA:931,0
DA:932,0
DA:933,0
DA:934,31
DA:937,54
DA:938,44
DA:939,44
DA:940,28
DA:941,61
DA:942,43
DA:943,46
DA:944,13
DA:945,82
DA:946,22
DA:947,9
DA:948,44
DA:949,51
DA:952,0
DA:953,0
DA:954,0
DA:955,0
DA:956,0
DA:957,0
DA:958,0
DA:959,0
DA:960,0
DA:961,0
DA:962,0
DA:963,58
DA:966,0
DA:967,0
DA:968,0
DA:969,0
DA:970,0
DA:971,0
DA:972,0
DA:973,0
DA:974,0
DA:975,0
DA:976,0
DA:977,30
DA:980,0
DA:981,0
DA:982,0
DA:983,0
DA:984,0
DA:985,20
DA:989,0
DA:990,50
DA:993,27
DA:995,24
DA:996,81
DA:997,56
DA:998,42
DA:999,91
DA:1000,70
DA:1001,18
DA:1002,20
DA:1003,87
DA:1004,47
DA:1005,27
DA:1006,7
DA:1007,27
DA:1008,14
DA:1009,16
DA:1010,13
DA:1011,56
DA:1012,9
DA:1013,49
DA:1016,32
DA:1017,94
DA:1018,98
DA:1019,106
DA:1021,87
DA:1022,84
DA:1023,19
DA:1024,9
DA:1025,9
DA:1026,29
DA:1030,34
DA:1031,87
DA:1032,75
DA:1033,29
DA:1034,9
DA:1035,9
DA:1036,31
DA:1039,28
DA:1040,49
DA:1041,43
DA:1042,9
DA:1044,88
DA:1045,48
DA:1046,87
DA:1047,76
DA:1048,69
DA:1049,78
DA:1050,9
DA:1051,9
DA:1052,113
DA:1058,18
DA:1059,6
DA:1060,10
DA:1061,49
DA:1062,43
DA:1063,9
DA:1065,88
DA:1066,48
DA:1067,87
DA:1068,76
DA:1069,73
DA:1070,90
DA:1071,9
DA:1072,9
DA:1073,113
DA:1076,36
DA:1077,90
DA:1078,54
DA:1079,80
DA:1080,44
DA:1082,87
DA:1083,68
DA:1084,71
DA:1085,104
DA:1086,31
DA:1087,73
DA:1089,9
DA:1091,28
DA:1092,114
DA:1093,88
DA:1094,9
DA:1097,19
DA:1098,10
DA:1099,10
DA:1100,10
DA:1101,78
DA:1102,40
DA:1103,78
DA:1104,40
DA:1105,80
DA:1106,44
DA:1108,87
DA:1109,68
DA:1110,73
DA:1111,80
DA:1112,86
DA:1113,80
DA:1114,16
DA:1115,42
DA:1117,9
DA:1119,28
DA:1120,88
DA:1121,88
DA:1122,88
DA:1123,9
DA:1126,19
DA:1127,10
DA:1128,10
DA:1129,10
DA:1130,10
DA:1131,78
DA:1132,40
DA:1133,78
DA:1134,40
DA:1135,78
DA:1136,40
DA:1137,80
DA:1138,44
DA:1140,87
DA:1141,68
DA:1142,73
DA:1143,80
DA:1144,86
DA:1145,80
DA:1146,86
DA:1147,80
DA:1148,31
DA:1149,74
DA:1151,9
DA:1153,28
DA:1154,88
DA:1155,88
DA:1156,88
DA:1157,88
DA:1158,9
DA:1161,0
DA:1162,0
DA:1163,0
DA:1164,0
DA:1165,0
DA:1166,0
DA:1167,0
DA:1168,0
DA:1169,0
DA:1170,0
DA:1171,0
DA:1172,0
DA:1173,0
DA:1174,0
DA:1175,0
DA:1176,0
DA:1177,0
DA:1178,0
DA:1179,0
DA:1180,0
DA:1181,0
DA:1182,0
DA:1183,0
DA:1184,0
DA:1185,0
DA:1186,0
DA:1187,0
DA:1188,0
DA:1189,0
DA:1190,0
DA:1191,0
DA:1192,0
DA:1193,0
DA:1194,0
DA:1195,0
DA:1196,0
DA:1197,0
DA:1198,0
DA:1199,8
DA:1202,0
DA:1203,0
DA:1204,0
DA:1205,0
DA:1206,0
DA:1207,0
DA:1208,0
DA:1209,0
DA:1210,0
DA:1211,0
DA:1212,0
DA:1213,0
DA:1214,0
DA:1215,0
DA:1216,0
DA:1217,0
DA:1218,0
DA:1219,0
DA:1220,0
DA:1221,0
DA:1222,0
DA:1223,0
DA:1224,0
DA:1225,0
DA:1226,0
DA:1227,0
DA:1228,0
DA:1229,0
DA:1230,0
DA:1231,0
DA:1232,0
DA:1233,0
DA:1234,0
DA:1235,0
DA:1236,0
DA:1237,0
DA:1238,0
DA:1239,0
DA:1240,0
DA:1241,0
DA:1242,0
DA:1243,0
DA:1244,0
DA:1245,0
DA:1246,8
DA:1249,30
DA:1250,87
DA:1251,76
DA:1252,69
DA:1253,33
DA:1254,9
DA:1255,9
DA:1256,0
DA:1257,0
DA:1258,0
DA:1259,0
DA:1260,45
DA:1263,0
DA:1264,0
DA:1265,0
DA:1266,0
DA:1267,0
DA:1268,0
DA:1269,0
DA:1270,0
DA:1271,0
DA:1272,0
DA:1273,0
DA:1274,0
DA:1275,0
DA:1276,0
DA:1277,0
DA:1278,0
DA:1279,0
DA:1280,0
DA:1281,58
DA:1285,0
DA:1286,37
DA:1290,0
DA:1291,25
DA:1295,0
DA:1296,0
DA:1297,0
DA:1298,44
DA:1300,2
DA:1303,0
DA:1304,0
DA:1305,0
DA:1306,0
DA:1307,0
DA:1308,0
DA:1309,0
DA:1310,0
DA:1311,0
DA:1312,0
DA:1313,0
DA:1314,0
DA:1315,0
DA:1316,0
DA:1317,0
DA:1318,0
DA:1319,0
DA:1320,0
DA:1321,0
DA:1322,0
DA:1323,0
DA:1324,0
DA:1325,0
DA:1326,0
DA:1327,0
DA:1328,0
DA:1329,0
DA:1330,0
DA:1331,5
DA:1343,0
DA:1344,0
DA:1345,0
DA:1346,0
DA:1347,0
DA:1348,0
DA:1349,0
DA:1350,0
DA:1351,0
DA:1352,0
DA:1353,0
DA:1354,5
DA:1357,0
DA:1358,0
DA:1359,0
DA:1360,0
DA:1361,0
DA:1362,0
DA:1363,0
DA:1364,0
DA:1365,0
DA:1366,0
DA:1367,0
DA:1368,5
DA:1376,0
DA:1377,36
DA:1383,0
DA:1384,23
DA:1390,0
DA:1391,32
DA:1397,0
DA:1398,0
DA:1399,0
DA:1400,0
DA:1401,0
DA:1402,0
DA:1403,34
DA:1409,0
DA:1410,0
DA:1411,0
DA:1412,0
DA:1413,0
DA:1414,0
DA:1415,0
DA:1416,0
DA:1417,0
DA:1418,0
DA:1419,0
DA:1420,0
DA:1421,0
DA:1422,0
DA:1423,0
DA:1424,0
DA:1425,0
DA:1426,0
DA:1427,0
DA:1428,35
DA:1434,0
DA:1435,0
DA:1436,0
DA:1437,0
DA:1438,0
DA:1439,0
DA:1440,0
DA:1441,0
DA:1442,0
DA:1443,0
DA:1444,0
DA:1445,0
DA:1446,0
DA:1447,0
DA:1448,0
DA:1449,0
DA:1450,0
DA:1451,0
DA:1452,35
DA:1456,57
LF:1457
LH:702
end_of_record
TN:
SF:cli-ts/src/internal/LibraryVersion.ts
FNF:11
FNH:11
DA:7,76
DA:8,116
DA:10,73
DA:20,13
DA:21,54
DA:22,132
DA:23,103
DA:24,10
DA:30,22
DA:31,110
DA:33,69
DA:34,49
DA:35,27
DA:36,94
DA:43,34
DA:44,78
DA:45,132
DA:46,118
DA:47,68
DA:49,2
DA:58,60
DA:59,13
DA:60,100
DA:61,148
DA:62,89
DA:63,10
DA:68,8
DA:69,20
DA:70,32
DA:71,14
DA:72,10
DA:73,52
DA:74,20
DA:75,89
DA:76,50
DA:77,8
DA:84,54
DA:85,53
DA:86,33
DA:87,9
DA:89,100
DA:90,63
DA:93,33
DA:94,9
DA:96,89
DA:102,39
DA:103,24
DA:104,42
DA:105,90
DA:106,58
DA:107,9
DA:113,35
DA:114,108
DA:115,46
DA:116,24
DA:117,50
DA:118,12
DA:119,112
DA:122,139
DA:124,66
DA:125,36
DA:126,22
DA:127,32
DA:128,12
DA:130,70
DA:132,2
LF:133
LH:66
end_of_record
TN:
SF:cli-ts/src/internal/Selection.ts
FNF:23
FNH:22
DA:11,34
DA:24,29
DA:25,61
DA:33,28
DA:34,59
DA:42,21
DA:43,75
DA:44,127
DA:45,90
DA:46,129
DA:47,76
DA:48,97
DA:49,74
DA:50,95
DA:51,5
DA:52,48
DA:58,22
DA:59,75
DA:60,95
DA:61,90
DA:62,97
DA:63,76
DA:64,129
DA:65,74
DA:66,127
DA:67,5
DA:68,62
DA:74,30
DA:75,51
DA:76,93
DA:77,66
DA:78,97
DA:79,52
DA:80,30
DA:81,64
DA:82,60
DA:83,7
DA:84,50
DA:85,28
DA:86,62
DA:87,58
DA:88,7
DA:89,10
DA:90,92
DA:92,2
DA:97,86
DA:98,106
DA:99,24
DA:102,31
DA:103,81
DA:109,40
DA:110,80
DA:112,2
DA:117,88
DA:118,106
DA:119,24
DA:122,31
DA:123,79
DA:129,40
DA:130,82
DA:132,2
DA:137,74
DA:138,13
DA:139,52
DA:140,51
DA:141,10
DA:142,24
DA:145,31
DA:146,108
DA:148,2
DA:153,72
DA:154,13
DA:155,52
DA:156,51
DA:157,10
DA:158,24
DA:161,31
DA:162,108
DA:164,2
DA:173,41
DA:174,54
DA:180,42
DA:181,56
DA:187,65
DA:188,72
DA:194,66
DA:195,74
DA:201,61
DA:202,56
DA:208,60
DA:209,54
DA:215,74
DA:216,56
DA:217,60
DA:218,80
DA:219,84
DA:220,56
DA:221,54
DA:225,63
LF:226
LH:99
end_of_record
TN:
SF:cli-ts/src/internal/StringUtils.ts
FNF:8
FNH:3
DA:7,56
DA:12,25
DA:17,41
DA:24,0
DA:25,1
DA:34,12
DA:35,37
DA:36,39
DA:39,46
DA:40,8
DA:41,2
DA:43,54
DA:44,45
DA:45,18
DA:46,56
DA:47,24
DA:48,26
DA:50,45
DA:58,12
DA:59,20
DA:60,14
DA:62,27
DA:63,33
DA:65,14
DA:68,0
DA:69,0
DA:70,0
DA:73,0
DA:74,0
DA:75,0
DA:77,0
DA:78,0
DA:79,0
DA:80,0
DA:81,0
DA:82,0
DA:83,13
DA:84,43
DA:85,15
DA:87,2
DA:90,36
DA:91,34
DA:92,22
DA:93,2
DA:95,17
DA:104,12
DA:105,33
DA:113,0
DA:114,0
DA:115,0
DA:116,0
DA:117,0
DA:118,0
DA:119,0
DA:120,0
DA:121,0
DA:122,0
DA:123,1
DA:131,0
DA:132,0
DA:133,0
DA:134,0
DA:135,0
DA:136,0
DA:137,0
DA:138,0
DA:139,0
DA:140,0
DA:141,0
DA:142,0
DA:143,0
DA:144,0
DA:145,0
DA:146,0
DA:147,0
DA:148,0
DA:149,1
DA:157,0
DA:158,1
DA:167,0
DA:168,0
DA:169,0
DA:170,0
DA:171,0
DA:172,0
DA:173,0
DA:174,0
LF:177
LH:37
end_of_record
TN:
SF:cli-ts/src/internal/collections/index.ts
FNF:24
FNH:13
DA:10,1
DA:12,69
DA:13,34
DA:14,27
DA:15,34
DA:16,66
DA:17,58
DA:18,26
DA:21,144
DA:24,6
DA:25,14
DA:26,22
DA:27,10
DA:28,83
DA:31,0
DA:32,0
DA:33,0
DA:34,53
DA:37,0
DA:38,0
DA:39,0
DA:40,0
DA:41,0
DA:42,29
DA:45,23
DA:46,63
DA:49,0
DA:50,33
DA:53,23
DA:54,66
DA:57,32
DA:58,78
DA:60,2
DA:65,50
DA:66,16
DA:67,23
DA:69,13
DA:70,28
DA:71,22
DA:72,10
DA:73,34
DA:74,27
DA:75,0
DA:76,0
DA:77,0
DA:78,26
DA:81,121
DA:82,39
DA:83,12
DA:84,94
DA:87,0
DA:88,0
DA:89,0
DA:90,0
DA:91,47
DA:94,0
DA:95,0
DA:96,0
DA:97,55
DA:100,0
DA:101,33
DA:104,0
DA:105,37
DA:108,20
DA:109,51
DA:112,0
DA:113,35
DA:116,20
DA:117,55
DA:120,22
DA:121,59
DA:124,0
DA:125,34
DA:128,39
DA:129,84
DA:130,25
DA:131,10
DA:134,32
DA:135,78
DA:137,1
LF:138
LH:57
end_of_record
TN:
SF:cli-ts/src/internal/files.ts
FNF:26
FNH:7
DA:1,68
DA:2,68
DA:3,68
DA:11,72
DA:17,98
DA:18,48
DA:19,64
DA:20,72
DA:21,66
DA:29,82
DA:35,22
DA:36,95
DA:43,0
DA:44,37
DA:51,0
DA:52,53
DA:54,2
DA:60,48
DA:61,0
DA:62,0
DA:63,0
DA:64,0
DA:65,0
DA:66,0
DA:67,0
DA:68,38
DA:75,0
DA:76,37
DA:83,0
DA:84,34
DA:86,2
DA:100,91
DA:106,0
DA:107,0
DA:108,0
DA:109,0
DA:110,0
DA:111,25
DA:119,0
DA:120,0
DA:121,0
DA:122,0
DA:123,0
DA:124,25
DA:132,0
DA:133,58
DA:140,0
DA:141,0
DA:142,72
DA:149,0
DA:150,0
DA:151,0
DA:152,0
DA:153,0
DA:154,0
DA:155,0
DA:156,0
DA:157,0
DA:158,82
DA:165,0
DA:166,0
DA:167,0
DA:168,0
DA:169,0
DA:170,0
DA:171,0
DA:172,0
DA:173,0
DA:174,0
DA:175,0
DA:176,0
DA:177,0
DA:178,58
DA:186,0
DA:187,0
DA:188,0
DA:189,0
DA:190,0
DA:191,0
DA:192,0
DA:193,30
DA:200,0
DA:201,0
DA:202,22
DA:210,114
DA:214,102
DA:215,22
DA:216,68
DA:217,30
DA:218,26
DA:219,37
DA:227,0
DA:228,0
DA:229,0
DA:230,0
DA:231,0
DA:232,25
DA:239,0
DA:240,60
DA:246,0
DA:247,0
DA:248,0
DA:249,0
DA:250,0
DA:251,0
DA:252,0
DA:253,0
DA:254,0
DA:255,76
DA:261,0
DA:262,0
DA:263,0
DA:264,0
DA:265,0
DA:266,0
DA:267,0
DA:268,0
DA:269,0
DA:270,0
DA:271,52
DA:278,0
DA:279,0
DA:280,0
DA:281,0
DA:282,30
DA:288,0
DA:289,0
DA:290,22
LF:293
LH:42
end_of_record
TN:
SF:cli-ts/src/internal/importer/AdaptiveNamingImport.ts
FNF:3
FNH:2
DA:7,78
DA:8,89
DA:14,13
DA:15,84
DA:16,72
DA:17,0
DA:18,0
DA:19,0
DA:20,0
DA:21,0
DA:22,0
DA:23,0
DA:24,46
DA:30,40
DA:31,152
DA:32,92
DA:34,138
DA:36,2
LF:37
LH:11
end_of_record
TN:
SF:cli-ts/src/internal/importer/Bootstrap.ts
FNF:18
FNH:6
DA:1,60
DA:2,68
DA:3,68
DA:4,76
DA:5,68
DA:6,132
DA:7,92
DA:9,146
DA:10,130
DA:11,130
DA:20,72
DA:21,58
DA:22,0
DA:23,0
DA:24,0
DA:25,8
DA:26,0
DA:27,0
DA:28,0
DA:29,8
DA:31,0
DA:32,56
DA:34,9
DA:35,0
DA:36,0
DA:37,0
DA:38,0
DA:39,5
DA:40,4
DA:44,0
DA:45,0
DA:46,0
DA:47,212
DA:49,2
DA:52,56
DA:53,0
DA:54,0
DA:55,0
DA:56,0
DA:57,5
DA:58,2
DA:60,114
DA:61,0
DA:62,0
DA:63,0
DA:64,0
DA:65,0
DA:66,0
DA:67,0
DA:68,0
DA:69,0
DA:70,0
DA:71,0
DA:72,0
DA:73,0
DA:74,0
DA:75,0
DA:76,0
DA:77,0
DA:78,0
DA:79,0
DA:80,0
DA:81,0
DA:82,0
DA:83,0
DA:84,0
DA:85,0
DA:86,0
DA:87,0
DA:88,0
DA:89,0
DA:90,0
DA:91,0
DA:92,0
DA:93,0
DA:94,0
DA:95,75
DA:98,0
DA:99,0
DA:100,0
DA:101,0
DA:102,0
DA:103,0
DA:104,0
DA:105,0
DA:106,0
DA:107,0
DA:108,0
DA:109,0
DA:110,0
DA:111,0
DA:112,0
DA:113,0
DA:114,0
DA:115,0
DA:116,0
DA:117,0
DA:118,0
DA:119,0
DA:120,0
DA:121,0
DA:122,0
DA:123,0
DA:124,0
DA:125,0
DA:126,0
DA:127,8
DA:130,0
DA:131,0
DA:132,0
DA:133,0
DA:134,0
DA:135,0
DA:136,0
DA:137,0
DA:138,0
DA:139,0
DA:140,0
DA:141,0
DA:142,0
DA:143,0
DA:144,0
DA:145,8
DA:148,113
DA:149,22
DA:151,150
DA:154,56
DA:155,76
DA:156,112
DA:159,50
DA:161,87
DA:162,94
DA:164,79
DA:166,69
DA:167,39
DA:169,38
DA:170,126
DA:171,66
DA:172,34
DA:173,66
DA:174,76
DA:175,120
DA:177,107
DA:178,122
DA:179,82
DA:180,52
DA:181,36
DA:182,84
DA:183,52
DA:184,14
DA:185,36
DA:188,143
DA:189,74
DA:190,29
DA:191,27
DA:192,45
DA:194,35
DA:196,120
DA:197,84
DA:198,46
DA:199,14
DA:200,24
DA:203,131
DA:204,62
DA:205,30
DA:207,13
DA:209,72
DA:210,26
DA:212,51
DA:216,0
DA:217,0
DA:218,0
DA:219,0
DA:220,0
DA:221,0
DA:222,0
DA:223,0
DA:224,0
DA:225,0
DA:226,0
DA:227,0
DA:228,0
DA:229,0
DA:230,0
DA:231,0
DA:232,0
DA:233,0
DA:234,0
DA:235,0
DA:236,0
DA:237,0
DA:238,0
DA:239,0
DA:240,0
DA:241,46
LF:244
LH:74
end_of_record
TN:
SF:cli-ts/src/internal/importer/CalculateLibraryVersion.ts
FNF:3
FNH:0
DA:10,50
DA:28,15
DA:29,0
DA:30,0
DA:31,0
DA:32,0
DA:33,0
DA:34,0
DA:35,0
DA:36,0
DA:37,0
DA:38,0
DA:39,0
DA:40,0
DA:41,0
DA:42,0
DA:43,0
DA:44,1
DA:46,1
DA:51,42
DA:52,0
DA:53,0
DA:54,0
DA:55,0
DA:56,0
DA:57,0
DA:58,1
DA:60,1
LF:61
LH:7
end_of_record
TN:
SF:cli-ts/src/internal/importer/ConversionOptions.ts
FNF:13
FNH:3
DA:5,78
DA:6,152
DA:13,100
DA:14,96
DA:26,1
DA:28,125
DA:29,0
DA:30,0
DA:31,0
DA:32,0
DA:33,0
DA:34,0
DA:35,0
DA:36,0
DA:37,0
DA:38,0
DA:39,0
DA:40,0
DA:41,0
DA:42,0
DA:43,30
DA:45,2
DA:47,60
DA:48,0
DA:49,0
DA:50,0
DA:51,0
DA:52,0
DA:53,0
DA:54,0
DA:55,0
DA:56,0
DA:57,0
DA:58,0
DA:59,0
DA:60,0
DA:61,27
DA:63,2
DA:65,48
DA:66,20
DA:67,40
DA:69,96
DA:70,96
DA:71,88
DA:72,83
DA:74,13
DA:75,76
DA:76,92
DA:77,10
DA:78,44
DA:79,66
DA:80,72
DA:81,46
DA:82,38
DA:83,12
DA:84,50
DA:85,70
DA:86,52
DA:87,46
DA:88,38
DA:89,11
DA:91,1
DA:102,58
DA:103,0
DA:104,0
DA:105,0
DA:106,0
DA:107,0
DA:108,5
DA:109,2
DA:112,66
DA:113,28
DA:114,48
DA:115,27
DA:117,0
DA:118,0
DA:119,0
DA:120,0
DA:121,0
DA:122,0
DA:123,0
DA:124,0
DA:125,0
DA:126,0
DA:127,0
DA:128,0
DA:129,0
DA:130,0
DA:131,0
DA:132,0
DA:133,0
DA:134,0
DA:135,0
DA:136,0
DA:137,0
DA:138,0
DA:139,0
DA:140,0
DA:141,0
DA:142,0
DA:143,0
DA:144,8
DA:148,0
DA:149,0
DA:150,0
DA:151,0
DA:152,0
DA:153,0
DA:154,0
DA:155,0
DA:156,0
DA:157,0
DA:158,0
DA:159,0
DA:160,0
DA:161,0
DA:162,0
DA:163,0
DA:164,0
DA:165,0
DA:166,0
DA:167,0
DA:168,0
DA:169,0
DA:170,0
DA:171,0
DA:172,0
DA:173,0
DA:174,0
DA:175,0
DA:176,0
DA:177,0
DA:178,0
DA:179,0
DA:180,0
DA:181,0
DA:182,0
DA:183,0
DA:184,0
DA:185,0
DA:186,0
DA:187,0
DA:188,0
DA:189,0
DA:190,0
DA:191,0
DA:192,0
DA:193,0
DA:194,0
DA:195,0
DA:196,0
DA:197,0
DA:198,8
DA:201,0
DA:202,59
DA:205,0
DA:206,0
DA:207,0
DA:208,0
DA:209,0
DA:210,0
DA:211,0
DA:212,0
DA:213,0
DA:214,0
DA:215,0
DA:216,0
DA:217,0
DA:218,0
DA:219,0
DA:220,0
DA:221,0
DA:222,0
DA:223,0
DA:224,0
DA:225,0
DA:226,0
DA:227,0
DA:228,0
DA:229,0
DA:230,0
DA:231,0
DA:232,0
DA:233,0
DA:234,0
DA:235,0
DA:236,0
DA:237,0
DA:238,0
DA:239,0
DA:240,0
DA:241,0
DA:242,0
DA:243,0
DA:244,0
DA:245,0
DA:246,0
DA:247,0
DA:248,0
DA:249,0
DA:250,0
DA:251,0
DA:252,0
DA:253,0
DA:254,0
DA:255,0
DA:256,22
DA:259,0
DA:260,0
DA:261,0
DA:262,0
DA:263,0
DA:264,83
DA:267,2
LF:270
LH:48
end_of_record
TN:
SF:cli-ts/src/internal/importer/FlavourImpl.ts
FNF:6
FNH:2
DA:7,78
DA:9,93
DA:45,13
DA:46,138
DA:47,156
DA:48,108
DA:49,79
DA:50,10
DA:52,0
DA:53,0
DA:54,18
DA:57,0
DA:58,0
DA:59,21
DA:62,0
DA:63,0
DA:64,16
DA:67,0
DA:68,43
DA:74,26
DA:75,58
DA:76,14
DA:77,14
DA:78,42
DA:79,96
DA:80,8
DA:82,2
LF:83
LH:20
end_of_record
TN:
SF:cli-ts/src/internal/importer/LibScalaJs.ts
FNF:6
FNH:3
DA:7,86
DA:8,102
DA:9,78
DA:10,106
DA:11,124
DA:18,13
DA:19,66
DA:20,72
DA:21,84
DA:22,90
DA:23,96
DA:24,102
DA:25,78
DA:26,75
DA:27,10
DA:32,56
DA:33,160
DA:34,96
DA:36,84
DA:37,14
DA:38,28
DA:39,8
DA:40,12
DA:42,132
DA:43,76
DA:44,112
DA:46,44
DA:47,16
DA:48,26
DA:49,30
DA:50,26
DA:51,34
DA:52,38
DA:53,14
DA:54,18
DA:55,8
DA:57,2
DA:62,77
DA:66,109
DA:67,0
DA:68,0
DA:69,0
DA:70,49
DA:73,0
DA:74,0
DA:75,0
DA:76,0
DA:77,0
DA:78,0
DA:79,0
DA:80,0
DA:81,0
DA:82,0
DA:83,0
DA:84,38
DA:86,6
LF:88
LH:42
end_of_record
TN:
SF:cli-ts/src/internal/importer/LibTs.ts
FNF:4
FNH:3
DA:7,86
DA:8,102
DA:9,85
DA:16,13
DA:17,66
DA:18,72
DA:19,66
DA:20,107
DA:21,10
DA:26,20
DA:27,0
DA:28,0
DA:29,0
DA:30,0
DA:31,0
DA:32,0
DA:33,0
DA:34,0
DA:35,0
DA:36,0
DA:37,0
DA:38,0
DA:39,0
DA:40,0
DA:41,0
DA:42,49
DA:48,54
DA:49,84
DA:50,14
DA:51,28
DA:52,8
DA:53,12
DA:55,118
DA:56,106
DA:58,142
DA:60,2
LF:61
LH:21
end_of_record
TN:
SF:cli-ts/src/internal/importer/LibTsSource.mock.ts
FNF:1
FNH:1
DA:5,36
DA:7,44
DA:19,39
DA:20,48
DA:21,55
LF:23
LH:5
end_of_record
TN:
SF:cli-ts/src/internal/importer/LibTsSource.ts
FNF:26
FNH:15
DA:5,60
DA:6,68
DA:7,146
DA:8,96
DA:9,76
DA:10,102
DA:23,44
DA:24,65
DA:25,77
DA:26,26
DA:27,118
DA:28,86
DA:29,53
DA:30,15
DA:31,18
DA:33,5
DA:34,16
DA:37,0
DA:38,0
DA:39,0
DA:40,0
DA:41,0
DA:42,0
DA:43,75
DA:46,4
DA:53,1
DA:55,39
DA:56,0
DA:57,0
DA:58,0
DA:59,0
DA:60,0
DA:61,0
DA:62,0
DA:63,0
DA:64,0
DA:65,0
DA:66,0
DA:67,0
DA:68,0
DA:69,0
DA:70,0
DA:71,0
DA:72,0
DA:73,0
DA:74,0
DA:75,0
DA:76,0
DA:77,0
DA:78,0
DA:79,0
DA:80,0
DA:81,54
DA:84,30
DA:85,107
DA:89,52
DA:90,87
DA:91,70
DA:93,26
DA:94,146
DA:96,79
DA:97,95
DA:98,38
DA:99,21
DA:101,116
DA:103,129
DA:104,33
DA:105,75
DA:106,46
DA:107,24
DA:108,11
DA:109,18
DA:110,17
DA:111,33
DA:112,15
DA:113,35
DA:117,69
DA:120,40
DA:121,49
DA:122,24
DA:123,20
DA:124,14
DA:125,82
DA:127,30
DA:128,67
DA:129,0
DA:130,0
DA:131,0
DA:132,0
DA:133,0
DA:134,0
DA:135,0
DA:136,0
DA:137,0
DA:138,0
DA:139,0
DA:140,0
DA:141,0
DA:142,0
DA:143,0
DA:144,43
DA:146,18
DA:149,45
DA:150,24
DA:151,20
DA:152,14
DA:153,82
DA:155,0
DA:156,45
DA:157,17
DA:160,61
DA:161,24
DA:162,20
DA:163,14
DA:164,53
DA:165,55
DA:166,37
DA:168,36
DA:169,0
DA:170,45
DA:171,4
DA:172,0
DA:173,0
DA:174,0
DA:175,17
DA:176,18
DA:180,96
DA:181,24
DA:182,112
DA:183,40
DA:185,98
DA:186,92
DA:187,154
DA:188,100
DA:189,38
DA:191,60
DA:192,25
DA:193,31
DA:194,126
DA:196,14
DA:197,31
DA:201,36
DA:203,140
DA:204,91
DA:205,143
DA:206,9
DA:209,160
DA:210,84
DA:211,75
DA:212,9
DA:214,33
DA:218,0
DA:219,53
DA:221,2
DA:224,81
DA:226,172
DA:227,13
DA:228,92
DA:229,84
DA:230,100
DA:231,14
DA:232,40
DA:234,6
DA:237,160
DA:238,13
DA:239,92
DA:240,100
DA:241,14
DA:242,40
DA:244,6
DA:246,148
DA:247,98
LF:249
LH:120
end_of_record
TN:
SF:cli-ts/src/internal/importer/LibraryResolver.ts
FNF:25
FNH:23
DA:5,60
DA:6,68
DA:7,68
DA:8,116
DA:9,76
DA:10,122
DA:11,114
DA:12,94
DA:13,106
DA:26,169
DA:27,111
DA:28,72
DA:31,117
DA:32,72
DA:35,120
DA:36,12
DA:37,10
DA:38,82
DA:41,120
DA:42,120
DA:45,78
DA:46,6
DA:47,10
DA:48,31
DA:49,45
DA:50,45
DA:51,14
DA:59,1
DA:61,13
DA:62,66
DA:63,24
DA:64,72
DA:65,10
DA:67,52
DA:70,99
DA:71,78
DA:72,71
DA:73,70
DA:74,9
DA:75,9
DA:78,94
DA:84,8
DA:85,16
DA:86,16
DA:87,14
DA:88,10
DA:90,93
DA:91,60
DA:92,124
DA:94,63
DA:95,74
DA:96,148
DA:97,77
DA:98,139
DA:99,7
DA:100,13
DA:101,31
DA:102,27
DA:104,60
DA:105,146
DA:106,120
DA:108,83
DA:109,36
DA:110,157
DA:111,45
DA:112,50
DA:113,45
DA:121,31
DA:123,65
DA:124,83
DA:125,9
DA:128,94
DA:129,37
DA:130,83
DA:131,27
DA:132,100
DA:136,33
DA:137,85
DA:138,85
DA:139,29
DA:140,5
DA:141,9
DA:142,45
DA:148,26
DA:149,96
DA:150,68
DA:151,28
DA:152,70
DA:153,12
DA:154,74
DA:155,64
DA:157,134
DA:159,2
DA:164,96
DA:168,119
DA:169,16
DA:170,12
DA:171,10
DA:172,98
DA:173,8
DA:174,7
DA:175,8
DA:176,0
DA:177,0
DA:178,0
DA:179,0
DA:180,0
DA:181,0
DA:182,0
DA:183,0
DA:184,73
DA:186,1
DA:187,6
DA:188,21
DA:190,61
DA:191,75
DA:192,70
DA:193,98
DA:194,94
DA:196,72
DA:197,51
DA:198,55
DA:199,77
DA:200,45
DA:201,17
DA:202,36
DA:203,16
DA:205,144
DA:206,158
DA:209,98
DA:210,102
DA:212,120
DA:213,12
DA:215,128
DA:218,64
DA:219,20
DA:220,45
DA:221,93
DA:222,44
DA:223,34
DA:224,99
DA:225,9
DA:226,95
DA:227,22
DA:228,17
DA:229,51
DA:230,8
DA:231,14
DA:232,28
DA:233,4
DA:234,58
DA:236,120
DA:242,120
DA:243,50
DA:244,26
DA:245,20
DA:246,36
DA:247,40
DA:248,48
DA:249,12
DA:251,99
DA:252,149
DA:253,77
DA:254,9
DA:255,9
DA:257,34
DA:263,125
DA:264,56
DA:270,64
DA:271,42
DA:273,65
DA:274,98
DA:275,104
DA:276,81
DA:277,54
DA:278,9
DA:279,9
DA:281,70
LF:284
LH:170
end_of_record
TN:
SF:cli-ts/src/internal/importer/PathsFromTsLibSource.ts
FNF:5
FNH:5
DA:9,30
DA:10,34
DA:11,37
DA:12,38
DA:18,91
DA:23,39
DA:29,40
DA:40,58
DA:48,17
DA:49,45
DA:51,30
DA:52,25
DA:53,16
DA:58,18
DA:59,18
DA:60,17
DA:61,16
DA:62,29
DA:65,55
DA:66,11
DA:67,10
DA:69,54
DA:70,11
DA:71,10
DA:72,15
DA:83,29
DA:84,13
DA:85,73
DA:87,39
DA:88,58
DA:90,37
DA:92,35
DA:93,48
DA:94,10
DA:95,38
DA:97,81
DA:98,38
DA:99,10
DA:100,9
DA:101,6
DA:102,8
DA:109,26
DA:110,42
DA:114,75
DA:121,35
LF:122
LH:45
end_of_record
TN:
SF:cli-ts/src/internal/importer/Phase1ReadTypescript.ts
FNF:7
FNH:6
DA:8,74
DA:11,92
DA:14,86
DA:17,64
DA:38,90
DA:43,7
DA:44,16
DA:45,16
DA:46,20
DA:47,24
DA:48,16
DA:49,10
DA:51,97
DA:52,24
DA:53,208
DA:54,16
DA:55,53
DA:56,9
DA:58,148
DA:60,22
DA:62,142
DA:63,130
DA:65,24
DA:66,122
DA:67,16
DA:68,65
DA:69,21
DA:70,21
DA:71,61
DA:72,13
DA:73,60
DA:74,8
DA:76,24
DA:77,71
DA:78,13
DA:85,37
DA:86,99
DA:92,22
DA:93,16
DA:94,16
DA:95,10
DA:96,146
DA:100,85
DA:106,34
DA:107,84
DA:109,2
DA:114,116
DA:119,0
DA:120,0
DA:121,0
DA:122,0
DA:123,0
DA:124,0
DA:125,0
DA:126,0
DA:127,0
DA:128,0
DA:129,0
DA:130,0
DA:131,0
DA:132,0
DA:133,0
DA:134,0
DA:135,0
DA:136,0
DA:137,0
DA:138,0
DA:139,0
DA:140,0
DA:141,0
DA:142,0
DA:143,0
DA:144,0
DA:145,0
DA:146,0
DA:147,0
DA:148,0
DA:149,0
DA:150,0
DA:151,9
LF:154
LH:48
end_of_record
TN:
SF:cli-ts/src/internal/importer/Phase2ToScalaJs.ts
FNF:10
FNH:8
DA:8,74
DA:9,76
DA:10,86
DA:12,110
DA:15,78
DA:16,106
DA:20,84
DA:41,96
DA:46,7
DA:47,16
DA:48,22
DA:49,18
DA:50,26
DA:51,16
DA:52,10
DA:53,24
DA:54,136
DA:55,12
DA:57,22
DA:59,134
DA:61,24
DA:62,40
DA:63,63
DA:64,24
DA:65,144
DA:66,20
DA:69,98
DA:70,16
DA:71,22
DA:72,22
DA:73,12
DA:74,20
DA:76,24
DA:77,132
DA:78,20
DA:79,76
DA:80,2
DA:81,9
DA:82,21
DA:83,21
DA:84,61
DA:85,13
DA:86,72
DA:87,8
DA:89,24
DA:90,71
DA:91,13
DA:98,20
DA:99,22
DA:100,16
DA:101,10
DA:102,152
DA:105,50
DA:106,112
DA:107,21
DA:108,9
DA:110,59
DA:116,22
DA:117,16
DA:118,22
DA:119,22
DA:120,16
DA:121,10
DA:122,156
DA:125,146
DA:128,148
DA:131,66
DA:132,93
DA:134,44
DA:135,16
DA:136,92
DA:137,22
DA:138,38
DA:139,34
DA:140,28
DA:141,54
DA:142,70
DA:143,9
DA:149,23
DA:150,22
DA:151,16
DA:152,10
DA:153,138
DA:156,101
DA:162,34
DA:163,74
DA:165,2
DA:170,96
DA:174,0
DA:175,0
DA:176,0
DA:177,0
DA:178,0
DA:179,0
DA:180,0
DA:181,0
DA:182,0
DA:183,0
DA:184,0
DA:185,0
DA:186,0
DA:187,0
DA:188,0
DA:189,0
DA:190,0
DA:191,0
DA:192,0
DA:193,0
DA:194,0
DA:195,0
DA:196,0
DA:197,0
DA:198,0
DA:199,0
DA:200,0
DA:201,0
DA:202,0
DA:203,9
LF:206
LH:89
end_of_record
TN:
SF:cli-ts/src/internal/importer/PhaseFlavour.ts
FNF:12
FNH:10
DA:7,74
DA:8,76
DA:9,84
DA:10,86
DA:12,110
DA:17,83
DA:32,90
DA:37,7
DA:38,16
DA:39,10
DA:40,18
DA:41,26
DA:42,16
DA:43,10
DA:44,66
DA:46,38
DA:47,120
DA:48,12
DA:50,22
DA:52,154
DA:54,24
DA:55,50
DA:56,53
DA:57,38
DA:58,102
DA:59,20
DA:62,120
DA:63,10
DA:64,12
DA:65,26
DA:66,20
DA:68,38
DA:69,144
DA:70,20
DA:71,76
DA:72,2
DA:73,9
DA:74,21
DA:75,21
DA:76,61
DA:77,20
DA:78,84
DA:79,8
DA:81,24
DA:82,17
DA:83,72
DA:84,2
DA:85,13
DA:92,33
DA:93,10
DA:94,12
DA:95,16
DA:96,10
DA:97,24
DA:98,130
DA:99,12
DA:105,140
DA:108,84
DA:111,94
DA:112,34
DA:113,30
DA:114,12
DA:115,12
DA:118,80
DA:119,34
DA:120,30
DA:121,12
DA:122,12
DA:125,92
DA:126,34
DA:127,30
DA:128,12
DA:129,12
DA:132,78
DA:133,34
DA:134,30
DA:135,12
DA:136,12
DA:139,72
DA:140,0
DA:141,39
DA:142,12
DA:144,44
DA:145,24
DA:146,26
DA:147,30
DA:148,32
DA:149,34
DA:150,34
DA:151,28
DA:152,18
DA:153,9
DA:159,21
DA:160,10
DA:161,12
DA:162,16
DA:163,10
DA:164,142
DA:167,28
DA:168,58
DA:169,50
DA:170,102
DA:171,38
DA:172,9
DA:178,25
DA:179,12
DA:180,16
DA:181,16
DA:182,10
DA:183,126
DA:185,29
DA:191,18
DA:192,12
DA:193,16
DA:194,16
DA:195,10
DA:196,96
DA:198,29
DA:204,24
DA:205,12
DA:206,16
DA:207,16
DA:208,10
DA:209,110
DA:210,12
DA:211,86
DA:212,6
DA:213,9
DA:215,29
DA:221,17
DA:222,12
DA:223,16
DA:224,16
DA:225,10
DA:226,94
DA:228,43
DA:234,34
DA:235,83
DA:241,0
DA:242,0
DA:243,0
DA:244,0
DA:245,0
DA:246,0
DA:247,0
DA:248,8
DA:250,2
LF:251
LH:139
end_of_record
TN:
SF:cli-ts/src/internal/importer/ResolvedModule.ts
FNF:5
FNH:5
DA:20,13
DA:21,66
DA:22,90
DA:23,10
DA:24,2
DA:29,76
DA:30,13
DA:31,84
DA:32,114
DA:33,10
DA:34,2
DA:39,144
DA:40,77
DA:41,16
DA:42,24
DA:43,10
DA:44,108
DA:47,95
DA:48,16
DA:49,24
DA:50,10
DA:51,114
LF:54
LH:22
end_of_record
TN:
SF:cli-ts/src/internal/logging/Formatter.ts
FNF:35
FNH:32
DA:8,34
DA:9,38
DA:10,34
DA:22,57
DA:26,0
DA:27,2
DA:33,0
DA:34,2
DA:38,33
DA:39,15
DA:40,4
DA:42,33
DA:43,26
DA:44,4
DA:46,31
DA:47,16
DA:48,4
DA:50,36
DA:51,16
DA:52,4
DA:54,31
DA:55,16
DA:56,4
DA:59,31
DA:60,26
DA:61,4
DA:63,30
DA:64,30
DA:65,4
DA:67,36
DA:68,8
DA:69,3
DA:72,46
DA:73,12
DA:74,12
DA:75,5
DA:76,14
DA:77,29
DA:78,70
DA:80,3
DA:83,46
DA:84,12
DA:85,12
DA:86,12
DA:87,5
DA:88,14
DA:89,33
DA:90,18
DA:91,31
DA:92,15
DA:93,31
DA:94,15
DA:95,28
DA:96,14
DA:98,3
DA:101,46
DA:102,12
DA:103,12
DA:104,12
DA:105,12
DA:106,5
DA:107,14
DA:108,37
DA:109,18
DA:110,31
DA:111,15
DA:112,31
DA:113,15
DA:114,31
DA:115,15
DA:116,28
DA:117,14
DA:119,3
DA:123,46
DA:124,15
DA:125,16
DA:126,5
DA:127,14
DA:128,27
DA:129,12
DA:130,8
DA:131,6
DA:132,35
DA:133,37
DA:134,1
DA:135,5
DA:137,3
DA:141,46
DA:142,11
DA:143,5
DA:144,14
DA:145,27
DA:146,12
DA:147,8
DA:148,6
DA:149,8
DA:150,32
DA:151,1
DA:152,5
DA:154,3
DA:158,50
DA:159,11
DA:160,5
DA:161,14
DA:162,29
DA:163,43
DA:164,34
DA:165,9
DA:166,8
DA:168,59
DA:169,20
DA:170,26
DA:171,17
DA:173,36
DA:174,46
DA:175,33
DA:176,17
DA:177,8
DA:179,30
DA:180,26
DA:182,3
DA:186,60
DA:187,14
DA:188,26
DA:189,34
DA:190,9
DA:191,8
DA:193,59
DA:194,20
DA:195,26
DA:196,17
DA:198,36
DA:199,46
DA:200,33
DA:201,17
DA:202,8
DA:204,30
DA:205,26
DA:207,3
DA:211,40
DA:212,14
DA:213,16
DA:214,5
DA:215,14
DA:216,24
DA:217,30
DA:218,9
DA:219,8
DA:221,55
DA:222,20
DA:223,26
DA:224,17
DA:226,42
DA:227,52
DA:228,35
DA:229,56
DA:230,33
DA:231,17
DA:232,8
DA:234,30
DA:235,26
DA:237,3
DA:241,46
DA:242,16
DA:243,5
DA:244,14
DA:245,27
DA:246,47
DA:247,36
DA:248,9
DA:249,8
DA:251,61
DA:252,20
DA:253,26
DA:254,17
DA:256,46
DA:257,32
DA:258,35
DA:259,56
DA:260,33
DA:261,17
DA:262,8
DA:264,30
DA:265,26
DA:267,3
DA:271,52
DA:272,14
DA:273,26
DA:274,61
DA:275,52
DA:276,17
DA:277,33
DA:280,3
DA:284,34
DA:285,20
DA:289,57
DA:290,57
DA:291,53
DA:292,63
DA:293,53
DA:294,53
DA:295,51
DA:296,62
DA:299,57
DA:300,57
DA:301,57
DA:302,57
DA:303,57
DA:304,61
DA:305,55
DA:306,51
DA:307,56
LF:308
LH:210
end_of_record
TN:
SF:cli-ts/src/internal/logging/index.ts
FNF:33
FNH:7
DA:49,43
DA:50,0
DA:51,0
DA:52,0
DA:53,5
DA:55,0
DA:56,82
DA:59,0
DA:60,0
DA:61,0
DA:62,0
DA:63,8
DA:66,0
DA:67,0
DA:68,0
DA:69,0
DA:70,0
DA:71,0
DA:72,0
DA:73,81
DA:77,0
DA:78,0
DA:79,0
DA:80,0
DA:81,8
DA:84,0
DA:85,0
DA:86,0
DA:87,50
DA:90,0
DA:91,79
DA:94,0
DA:95,0
DA:96,0
DA:97,0
DA:98,39
DA:102,0
DA:103,0
DA:104,0
DA:105,0
DA:106,0
DA:107,0
DA:108,0
DA:109,38
DA:111,2
DA:116,57
DA:117,52
DA:121,52
DA:125,49
DA:129,53
DA:133,0
DA:134,41
DA:137,51
DA:138,55
DA:141,80
DA:142,34
DA:143,24
DA:144,8
DA:147,2
DA:152,64
DA:153,22
DA:158,10
DA:159,29
DA:161,0
DA:162,29
DA:165,0
DA:166,0
DA:167,0
DA:168,0
DA:169,0
DA:170,9
DA:173,0
DA:174,0
DA:175,0
DA:176,0
DA:177,0
DA:178,9
DA:181,0
DA:182,0
DA:183,0
DA:184,0
DA:185,0
DA:186,0
DA:187,9
DA:190,0
DA:191,0
DA:192,0
DA:193,0
DA:194,0
DA:195,9
DA:198,0
DA:199,0
DA:200,0
DA:201,50
DA:204,0
DA:205,69
DA:208,0
DA:209,0
DA:210,0
DA:211,0
DA:212,39
DA:216,0
DA:217,0
DA:218,0
DA:219,0
DA:220,0
DA:221,0
DA:222,0
DA:223,39
DA:226,0
DA:227,0
DA:228,0
DA:229,0
DA:230,0
DA:231,0
DA:232,32
DA:235,0
DA:236,0
DA:237,0
DA:238,0
DA:239,0
DA:240,33
DA:242,2
DA:247,48
DA:251,65
DA:256,68
DA:261,51
DA:262,4
DA:267,90
DA:268,0
DA:269,0
DA:270,0
DA:271,0
DA:272,0
DA:273,35
DA:275,1
LF:276
LH:48
end_of_record
TN:
SF:cli-ts/src/internal/phases/PhaseCache.ts
FNF:12
FNH:11
DA:14,84
DA:16,19
DA:17,41
DA:20,0
DA:21,24
DA:23,2
DA:33,52
DA:34,15
DA:36,73
DA:37,50
DA:46,11
DA:47,10
DA:48,18
DA:49,10
DA:50,82
DA:52,88
DA:53,41
DA:54,70
DA:55,57
DA:56,31
DA:57,5
DA:58,9
DA:61,58
DA:64,88
DA:66,33
DA:73,33
DA:74,66
DA:75,79
DA:81,21
DA:82,50
DA:88,20
DA:89,51
DA:95,25
DA:96,82
DA:97,88
DA:98,119
DA:104,28
DA:105,82
DA:106,71
DA:112,20
DA:113,40
DA:114,93
DA:115,76
DA:116,65
DA:117,56
DA:118,94
DA:119,68
DA:120,9
DA:121,9
DA:122,29
DA:128,24
DA:129,28
DA:130,50
DA:131,8
DA:133,1
LF:134
LH:54
end_of_record
TN:
SF:cli-ts/src/internal/phases/PhaseListener.ts
FNF:26
FNH:23
DA:25,56
DA:29,51
DA:30,40
DA:31,14
DA:32,9
DA:37,59
DA:38,40
DA:39,20
DA:40,8
DA:41,9
DA:46,51
DA:47,40
DA:48,14
DA:49,9
DA:54,19
DA:55,14
DA:56,24
DA:57,10
DA:58,40
DA:59,20
DA:60,16
DA:61,9
DA:66,41
DA:67,34
DA:68,5
DA:69,4
DA:87,50
DA:88,59
DA:91,2
DA:96,78
DA:97,18
DA:98,9
DA:100,58
DA:101,94
DA:107,25
DA:108,53
DA:114,19
DA:115,22
DA:116,10
DA:117,123
DA:123,16
DA:124,8
DA:125,10
DA:126,95
DA:132,21
DA:133,46
DA:139,20
DA:140,56
DA:142,2
DA:147,72
DA:148,140
DA:150,0
DA:151,0
DA:152,0
DA:153,0
DA:154,0
DA:155,0
DA:156,0
DA:157,0
DA:158,0
DA:159,0
DA:160,0
DA:161,0
DA:162,0
DA:163,0
DA:164,0
DA:165,0
DA:166,0
DA:167,0
DA:168,0
DA:169,0
DA:170,0
DA:171,0
DA:172,0
DA:173,0
DA:174,0
DA:175,0
DA:176,17
DA:180,0
DA:181,0
DA:182,0
DA:183,0
DA:184,0
DA:185,0
DA:186,0
DA:187,0
DA:188,0
DA:189,0
DA:190,0
DA:191,0
DA:192,0
DA:193,0
DA:194,0
DA:195,0
DA:196,0
DA:197,0
DA:198,0
DA:199,0
DA:200,0
DA:201,51
DA:204,2
DA:209,62
DA:213,82
DA:218,35
DA:219,59
DA:224,19
DA:225,44
DA:226,69
DA:227,4
DA:232,59
DA:233,20
DA:234,6
DA:235,68
DA:238,59
DA:239,20
DA:244,6
DA:245,68
DA:248,59
DA:249,20
DA:250,6
DA:251,68
DA:254,59
DA:255,20
DA:260,6
DA:261,68
DA:264,59
DA:265,20
DA:266,6
DA:267,67
LF:269
LH:82
end_of_record
TN:
SF:cli-ts/src/internal/phases/PhaseRes.ts
FNF:16
FNH:16
DA:6,43
DA:23,26
DA:27,20
DA:28,15
DA:29,7
DA:30,4
DA:35,19
DA:36,16
DA:37,4
DA:42,9
DA:43,12
DA:44,5
DA:45,20
DA:46,8
DA:47,4
DA:52,32
DA:53,32
DA:54,27
DA:55,56
DA:61,27
DA:62,22
DA:63,30
DA:65,36
DA:66,34
DA:67,15
DA:68,36
DA:69,10
DA:70,19
DA:71,29
DA:72,20
DA:73,71
DA:74,9
DA:76,4
DA:78,27
DA:79,29
DA:80,22
DA:86,9
DA:87,4
DA:88,8
DA:89,16
DA:90,5
DA:91,11
DA:92,21
DA:93,21
DA:94,36
DA:96,4
DA:97,41
DA:98,47
DA:99,47
DA:100,11
DA:101,11
DA:102,8
DA:104,66
DA:105,53
DA:106,0
DA:107,0
DA:108,0
DA:109,0
DA:110,0
DA:111,0
DA:112,1
DA:116,2
DA:125,17
DA:126,6
DA:127,17
DA:128,32
DA:129,11
DA:130,42
DA:131,15
DA:132,29
DA:133,16
DA:134,42
DA:141,21
DA:142,6
DA:143,17
DA:144,32
DA:145,11
DA:146,29
DA:147,15
DA:148,29
DA:149,16
DA:150,42
DA:157,21
DA:158,6
DA:159,17
DA:160,25
DA:166,19
DA:167,13
DA:168,3
DA:169,31
DA:172,23
DA:173,13
DA:174,3
DA:175,35
DA:178,24
DA:179,13
DA:183,3
DA:184,35
LF:186
LH:92
end_of_record
TN:
SF:cli-ts/src/internal/phases/PhaseRunner.ts
FNF:20
FNH:14
DA:6,43
DA:8,45
DA:9,38
DA:10,59
DA:27,18
DA:31,1
DA:32,7
DA:33,11
DA:34,10
DA:35,11
DA:36,10
DA:37,5
DA:38,19
DA:39,15
DA:40,7
DA:41,9
DA:42,4
DA:43,11
DA:44,10
DA:45,11
DA:46,8
DA:47,8
DA:53,1
DA:54,7
DA:55,4
DA:56,16
DA:57,11
DA:58,10
DA:59,11
DA:60,10
DA:61,5
DA:62,44
DA:63,22
DA:64,47
DA:65,26
DA:66,7
DA:67,4
DA:68,16
DA:69,11
DA:70,10
DA:71,11
DA:72,8
DA:73,1
DA:74,0
DA:75,8
DA:82,1
DA:83,6
DA:84,4
DA:85,16
DA:86,11
DA:87,10
DA:88,11
DA:89,10
DA:90,5
DA:91,33
DA:93,11
DA:94,64
DA:96,53
DA:97,40
DA:99,52
DA:101,36
DA:102,11
DA:103,4
DA:104,16
DA:105,11
DA:106,10
DA:107,11
DA:108,8
DA:109,10
DA:112,42
DA:113,32
DA:114,19
DA:115,35
DA:116,1
DA:117,10
DA:119,12
DA:120,11
DA:121,4
DA:122,54
DA:123,12
DA:125,32
DA:127,38
DA:128,62
DA:129,33
DA:130,6
DA:131,7
DA:132,19
DA:133,11
DA:134,10
DA:135,11
DA:136,8
DA:137,14
DA:138,46
DA:139,10
DA:142,41
DA:143,36
DA:145,57
DA:146,43
DA:147,21
DA:148,59
DA:149,10
DA:150,26
DA:151,44
DA:152,28
DA:153,18
DA:154,10
DA:155,25
DA:157,15
DA:159,10
DA:161,36
DA:162,34
DA:163,10
DA:165,19
DA:166,14
DA:167,38
DA:168,16
DA:169,1
DA:170,10
DA:174,32
DA:175,44
DA:176,19
DA:177,41
DA:178,11
DA:179,4
DA:180,20
DA:181,15
DA:182,12
DA:183,6
DA:185,6
DA:186,24
DA:187,49
DA:188,23
DA:189,26
DA:191,10
DA:194,36
DA:195,17
DA:196,70
DA:197,10
DA:198,22
DA:199,12
DA:200,11
DA:201,4
DA:202,44
DA:203,14
DA:204,10
DA:205,21
DA:206,61
DA:207,13
DA:210,13
DA:211,1
DA:212,0
DA:213,0
DA:214,0
DA:215,0
DA:216,0
DA:217,0
DA:218,0
DA:219,0
DA:220,1
DA:223,1
DA:228,28
DA:232,19
DA:233,9
DA:234,4
DA:239,0
DA:240,0
DA:241,3
DA:246,0
DA:247,0
DA:248,3
DA:253,27
DA:254,18
DA:255,2
DA:256,2
DA:258,27
DA:262,19
DA:263,37
DA:264,4
DA:269,0
DA:270,0
DA:271,3
DA:276,0
DA:277,0
DA:278,3
DA:283,28
DA:284,20
DA:285,2
DA:286,1
LF:287
LH:171
end_of_record
TN:
SF:cli-ts/src/internal/phases/RecPhase.ts
FNF:11
FNH:6
DA:6,84
DA:7,84
DA:14,0
DA:15,0
DA:16,0
DA:17,0
DA:18,0
DA:19,7
DA:24,34
DA:25,115
DA:32,39
DA:33,55
DA:34,113
DA:35,14
DA:37,2
DA:42,104
DA:43,36
DA:44,2
DA:49,98
DA:50,32
DA:51,11
DA:53,13
DA:54,68
DA:55,76
DA:56,76
DA:57,67
DA:58,10
DA:59,24
DA:61,2
DA:69,52
DA:73,68
DA:78,53
DA:79,72
DA:85,17
DA:86,20
DA:87,10
DA:88,62
DA:90,4
DA:99,0
DA:100,0
DA:101,9
DA:106,0
DA:107,0
DA:108,15
DA:113,60
LF:114
LH:36
end_of_record
TN:
SF:cli-ts/src/internal/phases/index.ts
FNF:1
FNH:1
DA:8,29
DA:9,32
DA:10,27
DA:11,30
DA:12,27
DA:13,23
LF:14
LH:6
end_of_record
TN:
SF:cli-ts/src/internal/phases/types.ts
FNF:0
FNH:0
LF:35
LH:0
end_of_record
TN:
SF:cli-ts/src/internal/scalajs/Annotation.ts
FNF:30
FNH:25
DA:7,38
DA:9,34
DA:10,38
DA:11,33
DA:48,26
DA:53,35
DA:59,31
DA:65,22
DA:66,18
DA:67,6
DA:68,4
DA:73,13
DA:74,13
DA:76,31
DA:81,24
DA:82,29
DA:87,9
DA:88,13
DA:90,25
DA:91,2
DA:219,26
DA:223,0
DA:224,0
DA:225,0
DA:226,3
DA:231,0
DA:232,1
DA:233,2
DA:239,28
DA:248,47
DA:254,43
DA:260,33
DA:266,45
DA:272,43
DA:278,29
DA:288,23
DA:289,19
DA:290,6
DA:291,4
DA:297,0
DA:298,0
DA:299,0
DA:300,3
DA:306,10
DA:307,8
DA:308,10
DA:309,21
DA:310,5
DA:311,21
DA:312,11
DA:313,13
DA:314,8
DA:315,4
DA:321,25
DA:322,21
DA:323,6
DA:324,4
DA:333,19
DA:334,15
DA:336,39
DA:341,17
DA:342,15
DA:344,37
DA:349,27
DA:350,32
DA:355,18
DA:356,15
DA:358,38
DA:363,0
DA:364,0
DA:365,0
DA:366,3
DA:371,0
DA:372,3
DA:377,25
DA:378,30
DA:383,16
DA:384,15
DA:385,36
DA:390,27
DA:391,32
DA:396,27
DA:397,32
DA:402,22
DA:403,15
DA:405,39
DA:406,34
DA:407,32
DA:420,12
DA:421,12
DA:422,25
DA:425,70
DA:426,23
DA:427,24
DA:429,52
DA:430,48
DA:434,4
DA:435,35
DA:436,41
DA:437,42
DA:438,44
DA:439,11
DA:440,31
DA:441,17
DA:442,38
DA:444,6
DA:446,16
DA:447,39
DA:448,38
DA:449,1
DA:450,6
DA:454,34
DA:457,4
DA:458,18
DA:459,63
DA:460,9
DA:462,57
DA:463,6
DA:467,27
DA:468,35
DA:469,34
DA:470,2
DA:471,6
DA:475,14
DA:476,6
DA:480,38
DA:490,44
DA:491,50
DA:492,67
DA:493,11
DA:494,4
DA:495,0
DA:496,3
DA:502,24
DA:503,16
DA:504,5
DA:505,35
DA:506,50
DA:507,46
DA:508,57
DA:509,43
DA:510,4
DA:511,4
DA:512,47
DA:518,11
DA:519,16
DA:520,5
DA:521,50
DA:522,46
DA:523,45
DA:524,25
DA:525,4
DA:526,0
DA:527,3
DA:533,13
DA:534,16
DA:535,5
DA:536,50
DA:537,46
DA:538,47
DA:539,25
DA:540,4
DA:541,0
DA:542,3
DA:548,13
DA:549,16
DA:550,5
DA:551,50
DA:552,46
DA:553,47
DA:554,25
DA:555,4
DA:556,0
DA:557,1
DA:559,1
LF:560
LH:160
end_of_record
TN:
SF:cli-ts/src/internal/scalajs/Name.ts
FNF:20
FNH:8
DA:13,29
DA:14,49
DA:16,145
DA:18,0
DA:19,0
DA:20,0
DA:21,0
DA:22,64
DA:25,0
DA:26,0
DA:27,41
DA:29,2
DA:32,64
DA:33,29
DA:34,4
DA:36,64
DA:37,17
DA:38,4
DA:40,60
DA:41,0
DA:42,0
DA:43,0
DA:44,0
DA:45,0
DA:46,0
DA:47,0
DA:48,0
DA:49,0
DA:50,0
DA:51,0
DA:52,0
DA:53,0
DA:54,39
DA:56,4
DA:59,40
DA:60,130
DA:62,0
DA:63,75
DA:66,21
DA:67,0
DA:68,0
DA:69,0
DA:70,0
DA:71,43
DA:74,0
DA:75,24
DA:78,32
DA:79,104
DA:83,62
DA:84,62
DA:85,78
DA:86,74
DA:87,70
DA:88,62
DA:89,74
DA:90,74
DA:91,74
DA:92,70
DA:93,66
DA:94,70
DA:95,62
DA:96,66
DA:97,78
DA:98,66
DA:99,66
DA:100,78
DA:101,74
DA:102,70
DA:103,74
DA:104,70
DA:105,70
DA:106,78
DA:107,58
DA:108,66
DA:109,66
DA:110,78
DA:111,78
DA:112,74
DA:113,82
DA:114,78
DA:115,74
DA:116,66
DA:117,78
DA:118,78
DA:119,72
DA:120,72
DA:121,62
DA:122,62
DA:125,70
DA:126,98
DA:127,86
DA:128,104
DA:129,104
DA:130,92
DA:131,108
DA:132,66
DA:133,70
DA:134,82
DA:135,82
DA:136,74
DA:137,86
DA:140,48
DA:141,30
DA:142,44
DA:143,38
DA:144,48
DA:145,48
DA:146,42
DA:147,50
DA:148,28
DA:149,30
DA:150,36
DA:151,36
DA:152,30
DA:153,32
DA:154,23
DA:157,0
DA:158,0
DA:159,0
DA:160,22
DA:164,0
DA:165,0
DA:166,80
DA:173,0
DA:174,0
DA:175,0
DA:176,0
DA:177,0
DA:178,0
DA:179,0
DA:180,0
DA:181,0
DA:182,0
DA:183,0
DA:184,0
DA:185,0
DA:186,0
DA:187,0
DA:188,0
DA:189,0
DA:190,0
DA:191,0
DA:192,0
DA:193,0
DA:194,0
DA:195,0
DA:196,0
DA:197,0
DA:198,0
DA:199,0
DA:200,0
DA:201,0
DA:202,0
DA:203,0
DA:204,0
DA:205,0
DA:206,0
DA:207,0
DA:208,0
DA:209,0
DA:210,0
DA:211,0
DA:212,0
DA:213,0
DA:214,0
DA:215,0
DA:216,0
DA:217,0
DA:218,0
DA:219,0
DA:220,0
DA:221,0
DA:222,0
DA:223,0
DA:224,0
DA:225,0
DA:226,0
DA:227,0
DA:228,0
DA:229,0
DA:230,0
DA:231,0
DA:232,0
DA:233,0
DA:234,0
DA:235,0
DA:236,0
DA:237,0
DA:238,0
DA:239,0
DA:240,0
DA:241,0
DA:242,0
DA:243,0
DA:244,0
DA:245,0
DA:246,0
DA:247,0
DA:248,0
DA:249,0
DA:250,0
DA:251,0
DA:252,0
DA:253,0
DA:254,0
DA:255,0
DA:256,0
DA:257,0
DA:258,0
DA:259,0
DA:260,0
DA:261,0
DA:262,0
DA:263,0
DA:264,0
DA:265,0
DA:266,0
DA:267,0
DA:268,0
DA:269,0
DA:270,0
DA:271,0
DA:272,0
DA:273,0
DA:274,0
DA:275,0
DA:276,0
DA:277,0
DA:278,0
DA:279,0
DA:280,0
DA:281,0
DA:282,0
DA:283,0
DA:284,0
DA:285,0
DA:286,0
DA:287,0
DA:288,0
DA:289,0
DA:290,0
DA:291,0
DA:292,0
DA:293,0
DA:294,0
DA:295,0
DA:296,48
DA:298,2
DA:301,76
DA:302,58
DA:303,30
DA:304,22
DA:305,24
DA:306,24
DA:307,20
DA:308,18
DA:309,22
DA:310,22
DA:311,28
DA:312,26
DA:313,32
DA:314,24
DA:315,24
DA:316,28
DA:317,20
DA:318,28
DA:319,24
DA:320,18
DA:321,30
DA:322,26
DA:323,26
DA:324,22
DA:325,24
DA:326,24
DA:327,20
DA:328,22
DA:329,26
DA:330,30
DA:331,28
DA:332,28
DA:333,32
DA:334,26
DA:335,26
DA:336,24
DA:337,22
DA:338,22
DA:339,24
DA:340,24
DA:341,22
DA:342,20
DA:343,22
DA:344,24
DA:345,20
DA:346,20
DA:347,22
DA:348,24
DA:349,24
DA:350,16
DA:351,16
DA:352,16
DA:353,16
DA:354,18
DA:355,18
DA:356,18
DA:357,18
DA:358,18
DA:359,16
DA:360,10
DA:361,23
DA:363,31
DA:364,155
DA:367,41
DA:368,76
DA:370,60
DA:371,42
DA:372,42
DA:373,42
DA:374,74
DA:376,68
DA:378,77
DA:379,135
DA:380,23
DA:383,39
DA:384,68
DA:385,77
DA:386,130
DA:387,121
DA:388,102
DA:390,1
LF:391
LH:176
end_of_record
TN:
SF:cli-ts/src/internal/scalajs/PackageTree.ts
FNF:3
FNH:2
DA:7,78
DA:8,70
DA:11,95
DA:46,13
DA:47,96
DA:48,54
DA:49,72
DA:50,78
DA:51,79
DA:52,10
DA:57,0
DA:58,0
DA:59,0
DA:60,0
DA:61,0
DA:62,0
DA:63,0
DA:64,22
DA:70,34
DA:71,82
DA:72,74
DA:73,84
DA:74,104
DA:76,46
DA:77,34
DA:78,12
DA:79,26
DA:80,28
DA:81,24
DA:82,8
DA:84,2
LF:85
LH:24
end_of_record
TN:
SF:cli-ts/src/internal/scalajs/QualifiedName.ts
FNF:47
FNH:35
DA:8,76
DA:10,68
DA:11,76
DA:12,94
DA:18,58
DA:19,23
DA:21,99
DA:27,27
DA:28,105
DA:35,0
DA:36,28
DA:43,32
DA:44,119
DA:51,0
DA:52,32
DA:59,36
DA:60,94
DA:61,17
DA:62,9
DA:64,101
DA:65,127
DA:66,31
DA:67,9
DA:68,9
DA:70,33
DA:77,24
DA:78,81
DA:80,56
DA:81,42
DA:82,103
DA:83,124
DA:84,66
DA:85,13
DA:86,56
DA:87,9
DA:88,49
DA:95,28
DA:96,80
DA:97,17
DA:98,9
DA:100,44
DA:101,89
DA:102,29
DA:103,9
DA:106,98
DA:107,17
DA:108,9
DA:110,99
DA:111,118
DA:112,19
DA:113,9
DA:114,9
DA:116,33
DA:122,21
DA:123,36
DA:124,20
DA:125,50
DA:126,29
DA:132,20
DA:133,78
DA:134,131
DA:140,20
DA:141,78
DA:142,101
DA:148,20
DA:149,78
DA:150,52
DA:151,33
DA:152,9
DA:153,135
DA:159,20
DA:160,78
DA:161,52
DA:162,33
DA:163,9
DA:164,127
DA:170,23
DA:171,0
DA:172,0
DA:173,0
DA:174,0
DA:175,0
DA:176,0
DA:177,0
DA:178,0
DA:179,0
DA:180,0
DA:181,0
DA:182,0
DA:183,0
DA:184,0
DA:185,45
DA:191,30
DA:192,119
DA:198,37
DA:199,106
DA:200,119
DA:206,21
DA:207,83
DA:210,0
DA:211,28
DA:221,26
DA:222,87
DA:228,26
DA:229,83
DA:235,21
DA:236,93
DA:242,40
DA:243,115
DA:249,22
DA:250,95
DA:256,22
DA:257,95
DA:263,40
DA:264,77
DA:270,40
DA:271,77
DA:277,0
DA:278,62
DA:284,29
DA:285,119
DA:291,0
DA:292,60
DA:298,38
DA:299,42
DA:300,65
DA:301,9
DA:303,62
DA:304,124
DA:305,64
DA:307,73
DA:313,38
DA:314,42
DA:315,65
DA:316,9
DA:318,64
DA:319,128
DA:320,64
DA:322,139
DA:333,32
DA:334,124
DA:335,120
DA:342,60
DA:343,80
DA:344,22
DA:345,118
DA:346,114
DA:352,134
DA:353,98
DA:354,110
DA:355,110
DA:356,102
DA:357,106
DA:358,106
DA:359,110
DA:360,98
DA:361,102
DA:362,114
DA:363,102
DA:364,102
DA:365,114
DA:371,126
DA:372,122
DA:373,108
DA:374,120
DA:375,116
DA:376,134
DA:377,142
DA:378,138
DA:379,128
DA:380,120
DA:381,124
DA:382,118
DA:383,82
DA:384,46
DA:385,22
DA:386,84
DA:387,44
DA:388,22
DA:389,124
DA:395,56
DA:396,44
DA:397,40
DA:398,60
DA:399,42
DA:400,4
DA:401,22
DA:402,90
DA:403,56
DA:404,22
DA:405,90
DA:406,56
DA:407,22
DA:408,136
DA:409,136
DA:411,136
DA:417,134
DA:418,66
DA:419,74
DA:420,22
DA:421,70
DA:422,78
DA:423,22
DA:424,70
DA:425,78
DA:426,22
DA:427,64
DA:428,72
DA:429,22
DA:430,72
DA:431,80
DA:432,22
DA:433,130
DA:434,58
DA:435,66
DA:436,22
DA:437,58
DA:438,66
DA:439,22
DA:440,60
DA:441,68
DA:442,22
DA:443,60
DA:444,68
DA:445,21
DA:455,33
DA:456,141
DA:463,38
DA:464,153
DA:471,0
DA:472,89
DA:479,0
DA:480,85
DA:487,31
DA:488,77
DA:489,61
DA:490,27
DA:491,131
DA:494,2
DA:520,1
DA:522,45
DA:523,148
DA:524,84
DA:525,92
DA:526,102
DA:527,122
DA:528,106
DA:529,96
DA:530,84
DA:531,66
DA:532,12
DA:533,102
DA:534,88
DA:535,106
DA:536,122
DA:537,130
DA:538,158
DA:539,88
DA:540,87
DA:542,2
DA:552,78
DA:553,0
DA:554,0
DA:555,0
DA:556,0
DA:557,0
DA:558,69
DA:560,4
DA:569,76
DA:570,0
DA:571,61
DA:573,4
DA:578,76
DA:579,0
DA:580,0
DA:581,0
DA:582,0
DA:583,0
DA:584,55
DA:586,3
LF:587
LH:248
end_of_record
TN:
SF:cli-ts/src/internal/ts/AllMembersFor.ts
FNF:14
FNH:10
DA:8,38
DA:9,38
DA:10,38
DA:11,55
DA:12,58
DA:33,31
DA:38,8
DA:39,24
DA:40,14
DA:41,29
DA:42,20
DA:43,57
DA:45,28
DA:46,34
DA:47,35
DA:48,42
DA:49,1
DA:50,5
DA:52,22
DA:54,24
DA:56,25
DA:57,31
DA:58,25
DA:59,16
DA:61,23
DA:70,24
DA:71,10
DA:72,16
DA:73,5
DA:75,39
DA:76,47
DA:77,39
DA:78,48
DA:79,28
DA:80,46
DA:81,4
DA:82,4
DA:85,68
DA:86,15
DA:87,36
DA:88,7
DA:89,1
DA:90,6
DA:93,61
DA:94,49
DA:95,6
DA:98,75
DA:105,6
DA:106,24
DA:107,18
DA:108,62
DA:110,30
DA:112,19
DA:113,4
DA:115,45
DA:118,43
DA:119,14
DA:120,20
DA:121,15
DA:122,6
DA:124,57
DA:125,32
DA:126,28
DA:127,34
DA:128,17
DA:129,6
DA:130,10
DA:131,15
DA:132,1
DA:134,0
DA:135,0
DA:136,0
DA:137,0
DA:138,0
DA:139,0
DA:142,0
DA:143,0
DA:144,0
DA:145,0
DA:146,0
DA:147,0
DA:148,0
DA:149,0
DA:152,0
DA:154,0
DA:155,0
DA:156,0
DA:157,0
DA:158,0
DA:160,0
DA:161,0
DA:162,0
DA:163,0
DA:164,0
DA:165,0
DA:166,0
DA:167,0
DA:168,0
DA:169,0
DA:170,0
DA:173,0
DA:175,5
DA:182,14
DA:183,14
DA:184,15
DA:185,7
DA:186,12
DA:187,5
DA:188,79
DA:191,61
DA:192,40
DA:193,6
DA:195,44
DA:196,25
DA:197,16
DA:198,2
DA:200,1
LF:201
LH:85
end_of_record
TN:
SF:cli-ts/src/internal/ts/CalculateLibraryVersion.ts
FNF:4
FNH:3
DA:7,59
DA:10,54
DA:39,12
DA:49,1
DA:50,15
DA:51,10
DA:52,16
DA:53,11
DA:54,5
DA:57,39
DA:58,24
DA:59,22
DA:63,58
DA:65,1
DA:68,51
DA:74,99
DA:79,69
LF:81
LH:17
end_of_record
TN:
SF:cli-ts/src/internal/ts/CodePath.ts
FNF:15
FNH:15
DA:7,42
DA:8,54
DA:72,26
DA:76,19
DA:77,19
DA:78,31
DA:79,18
DA:80,26
DA:81,42
DA:83,39
DA:84,29
DA:85,4
DA:90,42
DA:92,77
DA:94,14
DA:95,22
DA:96,16
DA:97,19
DA:98,15
DA:99,15
DA:100,71
DA:101,63
DA:102,66
DA:103,34
DA:104,51
DA:105,34
DA:106,56
DA:107,8
DA:108,62
DA:109,67
DA:111,28
DA:113,33
DA:115,24
DA:116,11
DA:117,40
DA:118,1
DA:119,36
DA:121,24
DA:122,11
DA:123,44
DA:124,1
DA:125,17
DA:127,55
DA:130,78
DA:131,4
DA:137,43
DA:138,20
DA:139,23
DA:140,1
DA:143,10
DA:144,54
DA:147,10
DA:148,32
DA:162,47
LF:163
LH:54
end_of_record
TN:
SF:cli-ts/src/internal/ts/DeriveNonConflictingName.ts
FNF:29
FNH:27
DA:14,84
DA:15,142
DA:16,74
DA:35,13
DA:36,60
DA:37,71
DA:38,10
DA:43,36
DA:44,99
DA:50,20
DA:51,67
DA:57,31
DA:58,95
DA:64,28
DA:65,108
DA:66,139
DA:72,41
DA:73,69
DA:74,93
DA:75,9
DA:76,43
DA:82,32
DA:83,73
DA:84,52
DA:85,158
DA:86,77
DA:87,5
DA:88,15
DA:90,2
DA:95,84
DA:96,22
DA:97,25
DA:99,29
DA:100,44
DA:101,72
DA:102,62
DA:103,13
DA:109,7
DA:110,16
DA:111,18
DA:112,10
DA:113,57
DA:115,67
DA:116,60
DA:117,31
DA:118,86
DA:119,35
DA:120,2
DA:121,20
DA:123,59
DA:124,31
DA:125,17
DA:127,55
DA:128,79
DA:129,28
DA:130,20
DA:131,88
DA:132,94
DA:133,58
DA:135,116
DA:136,16
DA:139,56
DA:140,16
DA:141,31
DA:142,24
DA:143,76
DA:144,70
DA:145,70
DA:146,42
DA:147,73
DA:148,66
DA:149,64
DA:150,114
DA:151,118
DA:152,26
DA:153,133
DA:154,71
DA:155,16
DA:157,30
DA:158,33
DA:159,61
DA:160,44
DA:161,28
DA:162,54
DA:163,5
DA:164,16
DA:165,68
DA:166,13
DA:167,70
DA:168,43
DA:169,13
DA:170,68
DA:171,21
DA:173,66
DA:174,64
DA:175,114
DA:176,57
DA:177,31
DA:180,58
DA:183,2
DA:184,4
DA:185,46
DA:186,34
DA:189,81
DA:190,72
DA:191,31
DA:192,86
DA:193,46
DA:194,60
DA:195,179
DA:196,148
DA:197,26
DA:198,80
DA:199,56
DA:201,2
DA:202,20
DA:203,80
DA:204,16
DA:207,65
DA:208,72
DA:209,31
DA:210,24
DA:211,70
DA:212,80
DA:213,0
DA:214,0
DA:215,0
DA:216,0
DA:217,0
DA:218,0
DA:219,0
DA:220,0
DA:221,0
DA:222,0
DA:223,0
DA:224,0
DA:225,40
DA:227,2
DA:228,20
DA:229,68
DA:230,16
DA:233,76
DA:234,22
DA:235,36
DA:236,16
DA:237,56
DA:240,134
DA:241,16
DA:242,20
DA:243,16
DA:246,83
DA:247,110
DA:248,77
DA:249,47
DA:250,13
DA:251,13
DA:254,133
DA:261,22
DA:262,16
DA:263,18
DA:264,10
DA:265,42
DA:266,56
DA:267,114
DA:270,99
DA:272,109
DA:273,153
DA:275,117
DA:276,112
DA:277,50
DA:278,82
DA:279,66
DA:280,74
DA:281,17
DA:282,13
DA:283,13
DA:284,11
DA:290,10
DA:291,16
DA:292,22
DA:293,10
DA:294,32
DA:295,39
DA:296,122
DA:297,73
DA:298,45
DA:299,13
DA:300,20
DA:301,10
DA:305,14
DA:306,3
DA:309,0
DA:310,0
DA:311,0
DA:312,0
DA:313,0
DA:314,0
DA:315,0
DA:316,0
DA:317,0
DA:318,0
DA:319,14
LF:321
LH:180
end_of_record
TN:
SF:cli-ts/src/internal/ts/Directive.ts
FNF:15
FNH:15
DA:7,42
DA:68,27
DA:72,21
DA:73,18
DA:74,4
DA:79,30
DA:80,20
DA:81,12
DA:82,4
DA:87,31
DA:88,21
DA:89,12
DA:90,4
DA:95,29
DA:96,19
DA:97,12
DA:98,4
DA:103,32
DA:104,22
DA:105,12
DA:106,4
DA:111,31
DA:112,39
DA:118,26
DA:119,39
DA:125,30
DA:126,38
DA:132,31
DA:133,39
DA:139,29
DA:140,37
DA:146,32
DA:147,40
DA:153,34
DA:154,70
DA:160,29
DA:161,35
DA:162,19
DA:163,53
DA:164,18
DA:165,62
DA:166,19
DA:167,63
DA:168,17
DA:169,61
DA:170,20
DA:171,61
DA:179,37
DA:180,43
DA:183,53
DA:184,33
DA:185,4
DA:188,32
DA:189,44
DA:190,6
DA:191,21
DA:192,44
DA:193,4
DA:196,33
DA:197,45
DA:198,6
DA:199,22
DA:200,46
DA:201,4
DA:204,80
DA:205,20
DA:206,42
DA:207,4
DA:210,31
DA:211,45
DA:212,6
DA:213,20
DA:214,45
DA:215,4
DA:217,14
DA:223,22
DA:224,29
DA:225,12
DA:226,4
DA:228,27
DA:229,19
DA:230,16
DA:231,20
DA:232,21
DA:233,19
DA:234,20
DA:235,37
DA:238,2
DA:243,52
LF:244
LH:89
end_of_record
TN:
SF:cli-ts/src/internal/ts/ExportType.ts
FNF:15
FNH:15
DA:7,42
DA:42,28
DA:46,18
DA:47,15
DA:48,4
DA:53,22
DA:54,19
DA:55,4
DA:60,23
DA:61,20
DA:62,3
DA:68,8
DA:69,68
DA:75,29
DA:76,37
DA:82,33
DA:83,41
DA:89,34
DA:90,42
DA:96,32
DA:97,7
DA:98,76
DA:105,30
DA:106,36
DA:107,16
DA:108,19
DA:109,20
DA:110,23
DA:111,21
DA:112,22
DA:120,25
DA:121,31
DA:122,28
DA:123,16
DA:124,36
DA:125,20
DA:126,40
DA:127,21
DA:128,52
DA:130,14
DA:137,22
DA:138,26
DA:144,8
DA:145,14
DA:146,25
DA:147,29
DA:148,27
DA:149,4
DA:155,7
DA:156,12
DA:157,10
DA:162,5
DA:163,36
DA:164,16
DA:165,25
DA:166,20
DA:167,29
DA:168,21
DA:169,28
DA:176,6
DA:177,9
DA:178,13
DA:179,17
DA:180,5
DA:181,29
DA:182,38
DA:183,18
DA:184,21
DA:185,22
DA:186,25
DA:187,23
DA:188,22
DA:192,2
DA:197,48
DA:198,56
DA:199,57
LF:200
LH:76
end_of_record
TN:
SF:cli-ts/src/internal/ts/FillInTParams.ts
FNF:14
FNH:14
DA:7,38
DA:8,59
DA:9,40
DA:10,42
DA:11,38
DA:12,53
DA:13,60
DA:14,39
DA:37,30
DA:41,1
DA:42,3
DA:43,17
DA:44,5
DA:45,12
DA:46,52
DA:47,4
DA:48,7
DA:49,25
DA:50,47
DA:52,42
DA:53,68
DA:54,1
DA:55,10
DA:56,21
DA:57,22
DA:58,29
DA:59,1
DA:60,44
DA:61,64
DA:62,1
DA:63,10
DA:64,21
DA:65,22
DA:66,29
DA:67,1
DA:68,48
DA:69,68
DA:70,1
DA:71,10
DA:72,21
DA:73,22
DA:74,29
DA:75,1
DA:76,41
DA:77,61
DA:78,1
DA:79,10
DA:80,21
DA:81,22
DA:82,29
DA:83,1
DA:84,0
DA:86,0
DA:89,1
DA:90,3
DA:96,11
DA:97,36
DA:98,10
DA:99,3
DA:104,21
DA:105,66
DA:106,41
DA:107,31
DA:108,4
DA:109,35
DA:110,35
DA:111,0
DA:112,0
DA:113,8
DA:114,8
DA:115,6
DA:116,8
DA:117,31
DA:121,48
DA:122,28
DA:123,12
DA:124,4
DA:125,19
DA:126,17
DA:127,1
DA:128,8
DA:130,12
DA:131,16
DA:132,4
DA:133,19
DA:134,50
DA:135,1
DA:136,1
DA:137,6
DA:140,33
DA:143,50
DA:144,36
DA:145,51
DA:146,43
DA:147,43
DA:148,4
DA:151,47
DA:152,49
DA:153,50
DA:154,6
DA:157,44
DA:163,1
DA:164,17
DA:165,17
DA:166,5
DA:167,40
DA:168,11
DA:169,4
DA:171,33
DA:174,54
DA:175,40
DA:176,17
DA:177,28
DA:178,24
DA:179,5
DA:180,12
DA:181,24
DA:182,39
DA:183,31
DA:184,10
DA:185,21
DA:186,24
DA:187,50
DA:188,1
DA:189,1
DA:190,7
DA:192,51
DA:193,40
DA:194,4
DA:196,26
DA:198,1
LF:199
LH:127
end_of_record
TN:
SF:cli-ts/src/internal/ts/FlattenTrees.ts
FNF:78
FNH:68
DA:8,38
DA:9,42
DA:10,42
DA:11,42
DA:12,70
DA:13,41
DA:14,45
DA:15,53
DA:16,284
DA:46,30
DA:50,31
DA:51,18
DA:52,14
DA:53,14
DA:54,17
DA:55,3
DA:61,13
DA:62,60
DA:63,32
DA:64,3
DA:71,12
DA:72,61
DA:79,16
DA:80,34
DA:81,10
DA:82,13
DA:83,12
DA:91,16
DA:92,57
DA:93,0
DA:94,63
DA:95,0
DA:96,40
DA:97,10
DA:98,0
DA:99,2
DA:107,16
DA:108,27
DA:109,56
DA:110,55
DA:111,51
DA:112,54
DA:113,3
DA:120,16
DA:121,4
DA:122,35
DA:123,38
DA:124,7
DA:125,10
DA:126,13
DA:127,61
DA:135,1
DA:136,7
DA:137,7
DA:138,5
DA:140,68
DA:141,15
DA:142,28
DA:143,7
DA:144,1
DA:145,6
DA:147,68
DA:148,15
DA:149,28
DA:150,7
DA:151,1
DA:152,6
DA:154,38
DA:155,19
DA:156,27
DA:157,6
DA:160,42
DA:161,37
DA:162,32
DA:163,25
DA:164,11
DA:165,18
DA:166,38
DA:167,30
DA:168,27
DA:169,54
DA:170,1
DA:171,0
DA:172,2
DA:174,15
DA:175,14
DA:176,27
DA:177,14
DA:178,45
DA:179,1
DA:180,8
DA:181,0
DA:182,4
DA:184,6
DA:187,70
DA:188,19
DA:189,24
DA:191,6
DA:193,33
DA:200,1
DA:201,7
DA:202,7
DA:203,5
DA:204,39
DA:207,44
DA:208,36
DA:209,47
DA:210,35
DA:211,25
DA:212,14
DA:213,18
DA:214,48
DA:215,33
DA:216,30
DA:217,57
DA:218,1
DA:219,0
DA:220,2
DA:222,15
DA:223,25
DA:224,55
DA:225,47
DA:226,7
DA:227,57
DA:229,46
DA:230,0
DA:231,0
DA:232,36
DA:233,0
DA:234,0
DA:235,11
DA:236,13
DA:238,25
DA:239,55
DA:240,36
DA:241,15
DA:242,8
DA:243,1
DA:244,0
DA:245,0
DA:246,0
DA:247,0
DA:248,0
DA:249,0
DA:250,0
DA:251,0
DA:252,0
DA:253,0
DA:254,0
DA:255,0
DA:257,1
DA:258,8
DA:259,51
DA:260,34
DA:261,25
DA:262,13
DA:263,9
DA:264,15
DA:265,25
DA:266,55
DA:267,47
DA:268,63
DA:269,10
DA:270,13
DA:272,25
DA:273,55
DA:274,46
DA:275,10
DA:276,12
DA:277,1
DA:278,0
DA:279,0
DA:281,1
DA:282,8
DA:283,15
DA:285,65
DA:287,6
DA:289,22
DA:296,1
DA:297,6
DA:298,6
DA:299,5
DA:300,39
DA:301,30
DA:302,25
DA:303,11
DA:304,16
DA:305,40
DA:306,28
DA:307,27
DA:308,54
DA:309,1
DA:310,0
DA:311,2
DA:313,15
DA:314,23
DA:315,47
DA:316,42
DA:317,58
DA:318,0
DA:319,1
DA:321,23
DA:322,47
DA:323,32
DA:324,12
DA:325,8
DA:326,1
DA:327,0
DA:328,0
DA:330,1
DA:331,6
DA:332,43
DA:333,29
DA:334,25
DA:335,10
DA:336,16
DA:337,38
DA:338,27
DA:339,26
DA:340,17
DA:341,17
DA:342,19
DA:343,13
DA:344,16
DA:345,15
DA:346,29
DA:347,60
DA:348,19
DA:349,15
DA:350,1
DA:351,0
DA:352,2
DA:354,15
DA:355,23
DA:356,45
DA:357,41
DA:358,56
DA:359,48
DA:360,0
DA:361,0
DA:362,9
DA:363,13
DA:365,23
DA:366,45
DA:367,31
DA:368,11
DA:369,8
DA:370,1
DA:371,0
DA:372,0
DA:373,0
DA:374,0
DA:375,0
DA:376,0
DA:377,0
DA:379,1
DA:380,6
DA:381,13
DA:383,67
DA:390,1
DA:391,6
DA:392,6
DA:393,5
DA:394,45
DA:395,33
DA:396,25
DA:397,23
DA:398,24
DA:399,24
DA:400,20
DA:401,23
DA:402,27
DA:403,67
DA:404,22
DA:405,2
DA:406,9
DA:407,15
DA:408,23
DA:409,53
DA:410,45
DA:411,64
DA:412,40
DA:413,0
DA:414,0
DA:415,9
DA:416,13
DA:418,23
DA:419,53
DA:420,35
DA:421,15
DA:422,8
DA:423,1
DA:424,0
DA:425,0
DA:426,0
DA:427,0
DA:428,0
DA:429,0
DA:430,0
DA:432,1
DA:433,6
DA:434,41
DA:435,28
DA:436,25
DA:437,9
DA:438,9
DA:439,15
DA:440,23
DA:441,43
DA:442,40
DA:443,54
DA:444,8
DA:445,13
DA:447,23
DA:448,43
DA:449,49
DA:450,0
DA:451,0
DA:453,1
DA:454,6
DA:455,39
DA:456,27
DA:457,25
DA:458,8
DA:459,9
DA:460,15
DA:461,23
DA:462,41
DA:463,39
DA:464,52
DA:465,59
DA:466,45
DA:467,58
DA:468,0
DA:469,1
DA:471,23
DA:472,41
DA:473,39
DA:474,24
DA:475,27
DA:476,22
DA:477,16
DA:478,3
DA:479,22
DA:480,22
DA:481,18
DA:482,54
DA:483,18
DA:484,24
DA:485,20
DA:486,1
DA:487,59
DA:488,41
DA:489,10
DA:490,7
DA:491,1
DA:492,0
DA:493,0
DA:495,1
DA:496,6
DA:497,13
DA:499,63
DA:506,1
DA:507,6
DA:508,6
DA:509,5
DA:510,53
DA:511,33
DA:512,25
DA:513,14
DA:514,16
DA:515,54
DA:516,31
DA:517,30
DA:518,57
DA:519,1
DA:520,0
DA:521,2
DA:523,15
DA:524,0
DA:525,0
DA:526,0
DA:527,0
DA:528,0
DA:529,1
DA:531,0
DA:532,0
DA:533,0
DA:534,0
DA:535,0
DA:536,0
DA:537,0
DA:540,1
DA:541,6
DA:542,51
DA:543,33
DA:544,25
DA:545,14
DA:546,9
DA:547,15
DA:548,23
DA:549,53
DA:550,45
DA:551,64
DA:552,0
DA:553,1
DA:555,23
DA:556,53
DA:557,45
DA:560,49
DA:561,30
DA:562,23
DA:563,13
DA:564,46
DA:565,34
DA:566,12
DA:569,38
DA:570,0
DA:571,19
DA:572,30
DA:573,27
DA:574,28
DA:575,22
DA:576,3
DA:577,54
DA:578,24
DA:579,29
DA:580,27
DA:581,21
DA:582,3
DA:583,27
DA:584,32
DA:585,38
DA:586,31
DA:587,2
DA:588,3
DA:589,27
DA:590,28
DA:591,22
DA:592,1
DA:593,1
DA:595,0
DA:596,0
DA:598,1
DA:599,6
DA:600,0
DA:602,5
DA:610,1
DA:611,7
DA:612,7
DA:613,5
DA:614,39
DA:617,51
DA:618,55
DA:619,36
DA:620,25
DA:621,13
DA:622,9
DA:623,15
DA:624,25
DA:625,61
DA:626,46
DA:627,7
DA:628,59
DA:629,51
DA:631,0
DA:632,1
DA:634,0
DA:635,0
DA:636,0
DA:637,0
DA:638,0
DA:639,0
DA:640,0
DA:641,0
DA:642,0
DA:643,0
DA:644,0
DA:645,0
DA:646,0
DA:647,0
DA:648,0
DA:649,0
DA:650,0
DA:651,0
DA:652,0
DA:655,1
DA:656,8
DA:657,0
DA:658,0
DA:659,0
DA:660,0
DA:661,0
DA:662,0
DA:663,0
DA:664,0
DA:665,0
DA:666,0
DA:667,0
DA:668,0
DA:669,0
DA:670,0
DA:671,0
DA:673,0
DA:674,0
DA:675,0
DA:676,0
DA:677,0
DA:678,0
DA:679,0
DA:680,0
DA:681,0
DA:682,0
DA:683,0
DA:684,0
DA:685,0
DA:686,0
DA:687,0
DA:688,0
DA:689,0
DA:690,0
DA:691,0
DA:692,0
DA:693,0
DA:694,0
DA:695,0
DA:696,0
DA:699,0
DA:700,0
DA:701,0
DA:703,5
DA:705,6
DA:707,33
DA:713,0
DA:714,0
DA:715,0
DA:716,0
DA:717,0
DA:718,0
DA:719,0
DA:720,0
DA:721,0
DA:722,0
DA:723,0
DA:724,0
DA:725,2
DA:732,16
DA:733,47
DA:735,18
DA:736,0
DA:737,29
DA:738,0
DA:739,13
DA:741,48
DA:743,33
DA:744,0
DA:745,8
DA:747,67
DA:748,4
DA:749,29
DA:750,29
DA:751,0
DA:752,0
DA:753,10
DA:754,6
DA:755,10
DA:756,24
DA:757,0
DA:758,8
DA:759,11
DA:760,8
DA:762,29
DA:763,26
DA:764,0
DA:765,0
DA:766,2
DA:774,1
DA:775,7
DA:776,11
DA:777,5
DA:778,48
DA:785,0
DA:786,0
DA:787,0
DA:788,0
DA:789,0
DA:790,0
DA:791,0
DA:792,0
DA:793,0
DA:794,0
DA:795,2
DA:802,1
DA:803,6
DA:804,10
DA:805,5
DA:806,30
DA:807,62
DA:808,36
DA:809,15
DA:810,62
DA:811,63
DA:812,62
DA:813,60
DA:814,3
DA:821,22
DA:822,52
DA:824,26
DA:825,5
DA:826,30
DA:827,39
DA:828,32
DA:829,37
DA:830,0
DA:831,2
DA:832,9
DA:833,6
DA:834,75
DA:835,47
DA:837,17
DA:839,25
DA:840,62
DA:841,36
DA:842,18
DA:843,15
DA:844,18
DA:845,34
DA:846,21
DA:847,68
DA:848,17
DA:849,3
DA:856,22
DA:857,69
DA:858,43
DA:859,39
DA:860,15
DA:862,26
DA:863,62
DA:864,36
DA:865,40
DA:866,15
DA:867,62
DA:868,31
DA:869,21
DA:870,62
DA:871,68
DA:872,60
DA:873,3
DA:880,22
DA:881,27
DA:882,62
DA:883,36
DA:884,11
DA:885,57
DA:886,62
DA:887,66
DA:888,3
DA:895,22
DA:896,23
DA:897,62
DA:898,36
DA:899,57
DA:900,60
DA:901,3
DA:908,1
DA:909,6
DA:910,10
DA:911,5
DA:912,30
DA:913,62
DA:914,36
DA:915,15
DA:916,57
DA:917,62
DA:918,66
DA:919,3
DA:926,1
DA:927,4
DA:928,6
DA:929,5
DA:930,49
DA:931,15
DA:932,15
DA:933,22
DA:934,16
DA:935,17
DA:936,47
DA:937,6
DA:939,62
DA:946,1
DA:947,4
DA:948,10
DA:949,5
DA:950,39
DA:951,19
DA:952,19
DA:953,19
DA:954,22
DA:955,14
DA:956,15
DA:957,21
DA:958,51
DA:959,6
DA:961,57
DA:968,0
DA:969,0
DA:970,0
DA:971,0
DA:972,0
DA:973,0
DA:974,0
DA:975,0
DA:976,0
DA:977,0
DA:978,0
DA:979,0
DA:980,0
DA:981,0
DA:982,0
DA:983,1
DA:985,1
LF:986
LH:543
end_of_record
TN:
SF:cli-ts/src/internal/ts/FollowAliases.ts
FNF:10
FNH:10
DA:8,40
DA:9,42
DA:10,47
DA:11,51
DA:13,55
DA:20,69
DA:28,31
DA:37,6
DA:38,34
DA:39,14
DA:40,11
DA:41,31
DA:42,24
DA:43,30
DA:46,78
DA:49,47
DA:50,15
DA:52,23
DA:53,51
DA:54,11
DA:55,12
DA:56,51
DA:57,33
DA:59,7
DA:60,34
DA:61,26
DA:63,0
DA:64,1
DA:67,23
DA:68,51
DA:69,30
DA:70,74
DA:71,55
DA:72,57
DA:73,29
DA:74,44
DA:75,3
DA:76,15
DA:77,16
DA:78,27
DA:79,7
DA:80,14
DA:81,39
DA:82,0
DA:84,0
DA:86,1
DA:87,12
DA:89,30
DA:90,5
DA:92,30
DA:93,36
DA:94,52
DA:95,44
DA:96,12
DA:97,48
DA:98,5
DA:100,26
DA:101,32
DA:102,48
DA:103,44
DA:104,12
DA:105,44
DA:106,18
DA:109,10
DA:111,0
DA:113,0
DA:114,0
DA:115,0
DA:116,0
DA:117,0
DA:118,0
DA:119,0
DA:120,0
DA:123,0
DA:124,0
DA:125,0
DA:126,0
DA:127,0
DA:128,0
DA:131,4
DA:142,8
DA:143,10
DA:144,13
DA:145,63
DA:148,50
DA:149,15
DA:151,22
DA:152,45
DA:153,11
DA:154,6
DA:155,45
DA:156,27
DA:158,7
DA:159,60
DA:161,6
DA:162,13
DA:165,29
DA:166,45
DA:167,24
DA:168,70
DA:169,48
DA:170,39
DA:171,11
DA:172,1
DA:173,0
DA:175,0
DA:176,0
DA:177,0
DA:178,0
DA:179,0
DA:180,0
DA:181,0
DA:182,0
DA:184,0
DA:186,1
DA:187,6
DA:189,30
DA:191,1
LF:192
LH:90
end_of_record
TN:
SF:cli-ts/src/internal/ts/HasTParams.ts
FNF:14
FNH:14
DA:9,42
DA:10,38
DA:11,53
DA:31,15
DA:32,35
DA:38,15
DA:39,39
DA:45,15
DA:46,39
DA:52,15
DA:53,38
DA:59,15
DA:60,40
DA:66,15
DA:67,36
DA:73,15
DA:74,36
DA:80,15
DA:81,38
DA:87,15
DA:88,32
DA:94,15
DA:95,41
DA:101,15
DA:102,35
DA:124,28
DA:141,21
DA:142,44
DA:143,60
DA:178,23
DA:179,31
DA:180,25
DA:181,4
DA:183,35
DA:184,25
DA:185,4
DA:187,35
DA:188,25
DA:189,4
DA:191,34
DA:192,35
DA:193,4
DA:195,36
DA:196,35
DA:197,4
DA:199,32
DA:200,35
DA:201,4
DA:203,32
DA:204,35
DA:205,4
DA:207,34
DA:208,35
DA:209,4
DA:211,28
DA:212,25
DA:213,4
DA:215,37
DA:217,63
DA:218,32
DA:219,15
DA:220,8
DA:221,6
DA:222,8
DA:224,42
DA:225,4
DA:228,12
DA:230,2
DA:239,50
DA:248,49
LF:249
LH:70
end_of_record
TN:
SF:cli-ts/src/internal/ts/Hoisting.ts
FNF:4
FNH:4
DA:9,42
DA:10,38
DA:11,51
DA:13,45
DA:15,71
DA:32,26
DA:37,18
DA:50,10
DA:51,7
DA:52,9
DA:53,10
DA:54,4
DA:55,8
DA:56,5
DA:57,29
DA:58,20
DA:59,63
DA:61,25
DA:62,31
DA:63,43
DA:64,40
DA:65,1
DA:66,0
DA:69,3
DA:84,9
DA:85,7
DA:86,9
DA:87,10
DA:88,4
DA:89,12
DA:90,5
DA:91,60
DA:92,76
DA:104,41
DA:105,25
DA:106,34
DA:107,27
DA:108,36
DA:109,12
DA:110,22
DA:111,21
DA:112,19
DA:113,14
DA:114,22
DA:115,40
DA:116,25
DA:117,1
DA:118,1
DA:119,5
DA:121,31
DA:122,40
DA:124,61
DA:125,12
DA:126,22
DA:127,25
DA:128,19
DA:129,21
DA:130,26
DA:131,47
DA:132,32
DA:133,1
DA:134,1
DA:135,10
DA:136,11
DA:137,5
DA:139,31
DA:140,40
DA:141,12
DA:142,17
DA:143,25
DA:144,19
DA:145,27
DA:146,21
DA:147,20
DA:148,21
DA:149,47
DA:150,32
DA:151,1
DA:152,1
DA:153,0
DA:156,1
DA:160,1
LF:161
LH:80
end_of_record
TN:
SF:cli-ts/src/internal/ts/JsLocation.ts
FNF:14
FNH:14
DA:7,57
DA:8,103
DA:63,28
DA:67,17
DA:68,14
DA:69,4
DA:74,25
DA:75,19
DA:76,8
DA:77,4
DA:82,31
DA:83,19
DA:84,11
DA:85,6
DA:86,4
DA:91,6
DA:92,8
DA:93,12
DA:94,5
DA:95,17
DA:96,11
DA:97,8
DA:98,4
DA:103,30
DA:105,39
DA:106,15
DA:107,4
DA:109,34
DA:110,15
DA:111,29
DA:112,19
DA:113,35
DA:114,66
DA:115,5
DA:116,19
DA:117,35
DA:118,25
DA:119,18
DA:120,37
DA:121,1
DA:122,5
DA:123,17
DA:124,33
DA:125,33
DA:126,16
DA:127,5
DA:128,10
DA:129,33
DA:130,16
DA:131,5
DA:132,10
DA:133,44
DA:134,3
DA:141,34
DA:142,34
DA:143,15
DA:144,41
DA:145,17
DA:146,53
DA:147,17
DA:148,53
DA:149,15
DA:150,49
DA:157,28
DA:158,39
DA:159,26
DA:160,62
DA:161,59
DA:162,29
DA:163,65
DA:164,42
DA:165,29
DA:166,51
DA:167,53
DA:168,4
DA:169,41
DA:170,24
DA:171,5
DA:172,27
DA:178,40
DA:179,39
DA:180,26
DA:181,62
DA:182,52
DA:183,0
DA:184,0
DA:185,42
DA:186,29
DA:187,51
DA:188,25
DA:189,48
DA:190,1
DA:191,0
DA:192,41
DA:193,24
DA:194,5
DA:195,18
DA:201,16
DA:202,10
DA:203,9
DA:204,5
DA:205,39
DA:206,26
DA:207,25
DA:208,13
DA:209,23
DA:210,1
DA:211,52
DA:212,0
DA:213,0
DA:214,0
DA:215,0
DA:216,0
DA:217,42
DA:218,29
DA:219,25
DA:220,17
DA:221,45
DA:222,1
DA:223,0
DA:224,3
DA:230,38
DA:231,74
DA:232,45
DA:233,76
DA:234,50
DA:235,13
DA:236,22
DA:243,21
DA:244,26
DA:245,23
DA:246,28
DA:247,23
DA:248,28
DA:249,21
DA:250,24
DA:251,2
DA:272,47
LF:273
LH:129
end_of_record
TN:
SF:cli-ts/src/internal/ts/MemberCache.ts
FNF:15
FNH:15
DA:8,55
DA:27,62
DA:109,29
DA:113,25
DA:115,70
DA:116,15
DA:117,7
DA:118,28
DA:119,32
DA:120,27
DA:121,31
DA:122,26
DA:123,32
DA:124,32
DA:125,29
DA:126,30
DA:127,7
DA:128,3
DA:129,15
DA:130,28
DA:131,7
DA:132,3
DA:133,15
DA:134,28
DA:135,7
DA:136,1
DA:137,6
DA:140,17
DA:141,20
DA:142,63
DA:145,37
DA:146,34
DA:148,57
DA:149,15
DA:150,6
DA:151,35
DA:152,49
DA:153,22
DA:154,56
DA:155,15
DA:156,63
DA:158,4
DA:161,34
DA:162,54
DA:164,50
DA:165,4
DA:168,35
DA:169,15
DA:170,32
DA:171,7
DA:172,10
DA:173,1
DA:174,6
DA:175,40
DA:178,39
DA:179,15
DA:180,7
DA:181,30
DA:182,7
DA:183,1
DA:184,6
DA:188,45
DA:191,46
DA:195,42
DA:197,51
DA:198,15
DA:199,6
DA:200,33
DA:201,58
DA:202,22
DA:203,63
DA:204,15
DA:205,70
DA:207,4
DA:210,40
DA:214,63
DA:216,56
DA:217,4
DA:219,14
DA:220,14
DA:221,13
DA:222,14
DA:223,14
DA:224,14
DA:225,15
DA:226,20
DA:227,14
DA:228,23
DA:229,23
DA:230,2
DA:232,2
DA:237,33
DA:241,25
DA:243,50
DA:244,15
DA:245,7
DA:246,29
DA:247,33
DA:248,33
DA:249,25
DA:250,7
DA:251,1
DA:252,6
DA:255,43
DA:256,31
DA:258,34
DA:259,20
DA:260,16
DA:262,34
DA:263,29
DA:264,30
DA:265,34
DA:266,10
DA:267,29
DA:268,30
DA:269,34
DA:270,10
DA:271,25
DA:273,41
DA:274,31
DA:275,10
DA:276,25
DA:278,47
DA:279,37
DA:280,5
DA:282,6
DA:286,40
DA:287,39
DA:288,6
DA:290,61
DA:291,22
DA:292,69
DA:293,15
DA:294,76
DA:296,4
DA:299,34
DA:300,65
DA:301,46
DA:302,38
DA:303,4
DA:305,14
DA:306,14
DA:307,20
DA:308,11
DA:309,2
DA:311,1
LF:312
LH:146
end_of_record
TN:
SF:cli-ts/src/internal/ts/MethodType.ts
FNF:14
FNH:14
DA:7,42
DA:42,28
DA:46,19
DA:47,16
DA:48,4
DA:53,19
DA:54,16
DA:55,4
DA:60,19
DA:61,16
DA:62,4
DA:67,30
DA:68,38
DA:74,30
DA:75,38
DA:81,30
DA:82,38
DA:88,32
DA:89,76
DA:95,30
DA:96,36
DA:97,17
DA:98,20
DA:99,17
DA:100,20
DA:101,17
DA:102,18
DA:110,25
DA:111,31
DA:112,28
DA:113,17
DA:114,37
DA:115,17
DA:116,37
DA:117,17
DA:118,48
DA:120,14
DA:127,22
DA:128,26
DA:134,8
DA:135,73
DA:141,7
DA:142,12
DA:143,10
DA:148,5
DA:149,36
DA:150,17
DA:151,26
DA:152,17
DA:153,26
DA:154,17
DA:155,24
DA:162,6
DA:163,10
DA:164,10
DA:165,13
DA:166,5
DA:167,29
DA:168,38
DA:169,19
DA:170,22
DA:171,19
DA:172,22
DA:173,19
DA:174,18
DA:178,2
DA:183,50
DA:184,50
DA:185,49
LF:186
LH:69
end_of_record
TN:
SF:cli-ts/src/internal/ts/ModuleNameParser.ts
FNF:3
FNH:3
DA:5,42
DA:6,37
DA:11,77
DA:15,55
DA:16,38
DA:22,35
DA:23,11
DA:24,19
DA:25,5
DA:26,25
DA:28,33
DA:29,31
DA:30,33
DA:31,26
DA:32,36
DA:33,36
DA:34,34
DA:35,49
DA:36,0
DA:37,6
DA:39,71
DA:40,39
DA:41,48
DA:42,37
DA:43,45
DA:44,15
DA:45,29
DA:47,4
DA:49,34
DA:50,47
DA:51,4
DA:53,30
DA:56,32
DA:57,38
DA:58,4
DA:61,56
DA:62,34
DA:63,38
DA:64,40
DA:65,4
DA:68,40
LF:71
LH:40
end_of_record
TN:
SF:cli-ts/src/internal/ts/ModuleSpec.ts
FNF:8
FNH:8
DA:8,38
DA:9,37
DA:43,28
DA:47,22
DA:48,19
DA:49,4
DA:54,23
DA:55,20
DA:56,4
DA:61,30
DA:62,22
DA:63,10
DA:64,4
DA:70,22
DA:71,36
DA:72,29
DA:73,45
DA:74,30
DA:75,13
DA:76,51
DA:84,28
DA:86,41
DA:87,11
DA:88,4
DA:90,30
DA:91,20
DA:93,74
DA:95,21
DA:97,55
DA:99,22
DA:101,35
DA:102,67
DA:103,3
DA:110,22
DA:111,27
DA:112,23
DA:113,28
DA:114,22
DA:115,25
DA:116,2
DA:121,45
LF:122
LH:41
end_of_record
TN:
SF:cli-ts/src/internal/ts/OptionalModifier.ts
FNF:12
FNH:3
DA:7,42
DA:42,34
DA:46,17
DA:47,14
DA:48,4
DA:53,24
DA:54,21
DA:55,4
DA:60,26
DA:61,23
DA:62,4
DA:67,0
DA:68,3
DA:74,0
DA:75,3
DA:81,0
DA:82,3
DA:88,0
DA:89,0
DA:90,0
DA:91,0
DA:92,0
DA:93,0
DA:94,0
DA:95,3
DA:102,0
DA:103,0
DA:104,0
DA:105,0
DA:106,0
DA:107,0
DA:108,0
DA:109,0
DA:110,0
DA:111,0
DA:112,3
DA:119,0
DA:120,0
DA:121,0
DA:122,0
DA:123,0
DA:124,0
DA:125,0
DA:126,0
DA:127,0
DA:128,0
DA:129,0
DA:130,0
DA:131,3
DA:137,0
DA:138,0
DA:139,0
DA:140,0
DA:141,0
DA:142,0
DA:143,0
DA:144,0
DA:145,0
DA:146,0
DA:147,0
DA:148,0
DA:149,0
DA:150,0
DA:151,3
DA:158,0
DA:159,0
DA:160,0
DA:161,0
DA:162,0
DA:163,0
DA:164,0
DA:165,0
DA:166,0
DA:167,0
DA:168,0
DA:169,0
DA:170,1
DA:174,2
DA:179,52
DA:180,66
DA:181,36
DA:182,33
LF:183
LH:24
end_of_record
TN:
SF:cli-ts/src/internal/ts/OptionalType.ts
FNF:6
FNH:6
DA:13,42
DA:14,38
DA:15,52
DA:21,35
DA:22,46
DA:23,22
DA:24,37
DA:25,68
DA:32,30
DA:37,65
DA:52,22
DA:53,38
DA:54,28
DA:55,35
DA:56,50
DA:58,35
DA:59,11
DA:60,15
DA:61,55
DA:62,59
DA:63,67
DA:65,13
DA:66,14
DA:78,20
DA:79,72
DA:92,32
DA:93,50
DA:99,49
DA:104,19
DA:109,25
DA:110,45
DA:111,30
DA:113,2
DA:119,47
DA:125,48
DA:131,51
LF:132
LH:36
end_of_record
TN:
SF:cli-ts/src/internal/ts/PackageJson.ts
FNF:78
FNH:52
DA:16,38
DA:17,45
DA:18,47
DA:19,44
DA:20,38
DA:21,56
DA:24,39
DA:25,21
DA:26,52
DA:27,22
DA:28,101
DA:29,7
DA:32,13
DA:33,12
DA:34,16
DA:35,22
DA:36,20
DA:37,20
DA:38,18
DA:39,26
DA:40,10
DA:41,86
DA:42,102
DA:43,99
DA:44,120
DA:45,108
DA:46,116
DA:47,61
DA:49,4
DA:52,30
DA:53,39
DA:54,105
DA:55,77
DA:56,40
DA:57,13
DA:58,26
DA:59,8
DA:61,3
DA:64,34
DA:65,143
DA:66,76
DA:67,76
DA:68,70
DA:69,64
DA:70,12
DA:71,8
DA:72,61
DA:76,0
DA:77,0
DA:78,0
DA:79,0
DA:80,0
DA:81,0
DA:82,0
DA:83,0
DA:84,0
DA:85,9
DA:89,0
DA:90,0
DA:91,0
DA:92,0
DA:93,0
DA:94,0
DA:95,0
DA:96,0
DA:97,0
DA:98,15
DA:102,0
DA:103,0
DA:104,0
DA:105,0
DA:106,0
DA:107,39
DA:132,39
DA:133,13
DA:134,18
DA:135,28
DA:136,34
DA:137,36
DA:138,18
DA:139,16
DA:140,14
DA:141,14
DA:142,12
DA:143,18
DA:144,10
DA:145,88
DA:146,108
DA:147,120
DA:148,124
DA:150,135
DA:151,129
DA:152,123
DA:153,80
DA:154,76
DA:155,136
DA:158,22
DA:159,32
DA:160,38
DA:161,40
DA:162,22
DA:163,20
DA:164,18
DA:165,18
DA:166,16
DA:167,25
DA:170,23
DA:171,81
DA:174,28
DA:175,91
DA:178,31
DA:179,97
DA:182,32
DA:183,99
DA:186,23
DA:187,81
DA:190,22
DA:191,79
DA:194,21
DA:195,77
DA:198,21
DA:199,77
DA:202,20
DA:203,75
DA:206,23
DA:207,77
DA:210,41
DA:211,64
DA:212,40
DA:213,73
DA:214,74
DA:215,11
DA:216,77
DA:219,27
DA:220,42
DA:221,10
DA:222,26
DA:223,51
DA:224,50
DA:225,13
DA:226,38
DA:227,0
DA:228,0
DA:229,0
DA:230,12
DA:232,0
DA:233,0
DA:234,0
DA:235,12
DA:237,54
DA:238,18
DA:239,97
DA:240,73
DA:241,4
DA:242,0
DA:243,0
DA:244,0
DA:245,9
DA:247,16
DA:249,100
DA:250,2
DA:251,2
DA:252,13
DA:255,29
DA:256,42
DA:257,10
DA:258,30
DA:259,55
DA:260,50
DA:261,17
DA:262,21
DA:263,0
DA:264,0
DA:265,0
DA:266,12
DA:268,0
DA:269,0
DA:270,0
DA:271,12
DA:273,54
DA:274,0
DA:275,0
DA:276,43
DA:277,4
DA:278,0
DA:279,0
DA:280,0
DA:281,9
DA:283,16
DA:285,92
DA:286,2
DA:287,2
DA:288,13
DA:291,29
DA:292,42
DA:293,10
DA:294,28
DA:295,53
DA:296,63
DA:297,34
DA:298,11
DA:299,16
DA:300,17
DA:301,17
DA:302,60
DA:303,17
DA:304,40
DA:305,66
DA:306,123
DA:307,91
DA:308,72
DA:309,21
DA:310,21
DA:311,36
DA:313,24
DA:316,68
DA:317,92
DA:318,2
DA:319,2
DA:320,13
DA:325,30
DA:326,42
DA:327,10
DA:328,30
DA:329,55
DA:330,63
DA:331,34
DA:332,11
DA:333,16
DA:334,17
DA:335,17
DA:336,17
DA:337,0
DA:338,0
DA:339,0
DA:340,0
DA:341,0
DA:342,0
DA:343,0
DA:344,21
DA:346,40
DA:347,66
DA:348,123
DA:349,8
DA:350,58
DA:351,38
DA:352,43
DA:353,30
DA:354,80
DA:355,95
DA:356,76
DA:357,25
DA:358,21
DA:359,21
DA:360,36
DA:362,24
DA:365,70
DA:366,100
DA:367,2
DA:368,2
DA:369,24
DA:372,65
DA:375,38
DA:376,40
DA:377,42
DA:378,39
DA:379,21
DA:380,74
DA:381,0
DA:382,0
DA:383,0
DA:384,31
DA:385,1
DA:386,2
DA:387,12
DA:389,145
DA:393,0
DA:394,0
DA:395,0
DA:396,0
DA:397,0
DA:398,0
DA:399,0
DA:400,0
DA:401,0
DA:402,0
DA:403,0
DA:404,0
DA:405,22
DA:408,32
DA:409,53
DA:410,18
DA:411,14
DA:412,130
DA:413,58
DA:414,115
DA:415,83
DA:416,114
DA:417,13
DA:418,13
DA:419,110
DA:422,73
DA:423,76
DA:424,69
DA:425,65
DA:426,55
DA:427,20
DA:428,95
DA:429,7
DA:430,29
DA:433,69
DA:434,130
DA:435,93
DA:436,87
DA:437,7
DA:438,29
DA:441,46
DA:442,115
DA:443,104
DA:444,110
DA:445,112
DA:446,103
DA:447,99
DA:448,95
DA:449,76
DA:450,72
DA:451,100
DA:452,8
DA:455,24
DA:456,0
DA:457,0
DA:458,0
DA:459,0
DA:460,0
DA:461,0
DA:462,0
DA:463,0
DA:464,0
DA:465,0
DA:466,0
DA:467,0
DA:468,0
DA:469,17
DA:472,0
DA:473,70
DA:476,34
DA:477,138
DA:478,82
DA:479,122
DA:480,22
DA:481,88
DA:482,134
DA:483,22
DA:484,90
DA:485,138
DA:486,22
DA:487,138
DA:488,132
DA:489,126
DA:490,146
DA:491,120
DA:492,126
DA:493,9
DA:496,22
DA:497,82
DA:499,2
DA:501,45
LF:502
LH:288
end_of_record
TN:
SF:cli-ts/src/internal/ts/ParentsResolver.ts
FNF:20
FNH:20
DA:12,42
DA:13,53
DA:14,41
DA:15,51
DA:18,72
DA:66,29
DA:67,8
DA:68,7
DA:69,9
DA:70,16
DA:71,5
DA:72,24
DA:73,10
DA:74,12
DA:75,12
DA:76,2
DA:77,2
DA:82,15
DA:83,8
DA:84,67
DA:85,18
DA:92,15
DA:93,35
DA:99,15
DA:100,39
DA:106,15
DA:107,39
DA:113,15
DA:114,33
DA:120,15
DA:121,36
DA:127,15
DA:128,35
DA:134,15
DA:135,39
DA:147,33
DA:163,7
DA:164,7
DA:165,9
DA:166,5
DA:168,46
DA:169,52
DA:170,52
DA:173,28
DA:182,1
DA:183,14
DA:184,15
[...]
DA:4690,12
DA:4691,7
DA:4692,10
DA:4693,14
DA:4694,5
DA:4695,14
DA:4696,28
DA:4697,15
DA:4698,17
DA:4699,12
DA:4700,15
DA:4701,16
DA:4702,21
DA:4703,70
DA:4704,18
DA:4705,21
DA:4706,17
DA:4707,12
DA:4708,7
DA:4709,10
DA:4710,9
DA:4711,7
DA:4712,51
DA:4713,4
DA:4719,32
DA:4720,64
DA:4721,28
DA:4722,18
DA:4723,7
DA:4724,29
DA:4725,10
DA:4726,15
DA:4727,4
DA:4733,32
DA:4734,66
DA:4735,28
DA:4736,18
DA:4737,7
DA:4738,29
DA:4739,10
DA:4740,15
DA:4741,4
DA:4747,24
DA:4748,29
DA:4749,2
DA:4754,34
DA:4758,8
DA:4759,10
DA:4760,7
DA:4761,6
DA:4762,5
DA:4763,6
DA:4764,10
DA:4765,15
DA:4766,5
DA:4767,14
DA:4768,31
DA:4769,15
DA:4770,12
DA:4771,11
DA:4772,10
DA:4773,11
DA:4774,15
DA:4775,17
DA:4776,21
DA:4777,24
DA:4778,4
DA:4779,7
DA:4780,6
DA:4781,5
DA:4782,6
DA:4783,10
DA:4784,10
DA:4785,7
DA:4786,18
DA:4787,24
DA:4788,17
DA:4789,7
DA:4790,6
DA:4791,5
DA:4792,6
DA:4793,10
DA:4794,10
DA:4795,7
DA:4796,99
DA:4797,4
DA:4803,21
DA:4804,24
DA:4805,18
DA:4806,29
DA:4807,6
DA:4808,11
DA:4809,6
DA:4810,7
DA:4811,5
DA:4812,3
DA:4817,0
DA:4818,0
DA:4819,0
DA:4820,0
DA:4821,0
DA:4822,0
DA:4823,0
DA:4824,0
DA:4825,0
DA:4826,0
DA:4827,0
DA:4828,0
DA:4830,3
DA:4835,24
DA:4836,24
DA:4837,18
DA:4838,29
DA:4839,6
DA:4840,11
DA:4841,6
DA:4842,7
DA:4843,4
DA:4844,3
DA:4849,22
DA:4850,24
DA:4851,18
DA:4852,29
DA:4853,6
DA:4854,11
DA:4855,6
DA:4856,6
DA:4857,5
DA:4858,3
DA:4863,17
DA:4864,24
DA:4865,18
DA:4866,29
DA:4867,6
DA:4868,6
DA:4869,6
DA:4870,7
DA:4871,5
DA:4872,3
DA:4877,27
DA:4878,32
DA:4879,2
DA:4884,33
DA:4888,23
DA:4889,14
DA:4890,30
DA:4891,12
DA:4892,47
DA:4893,4
DA:4899,26
DA:4900,31
DA:4901,2
DA:4903,40
DA:4907,8
DA:4908,11
DA:4909,5
DA:4910,14
DA:4911,37
DA:4912,13
DA:4913,64
DA:4914,4
DA:4920,24
DA:4921,24
DA:4922,23
DA:4923,6
DA:4924,46
DA:4930,33
DA:4931,38
DA:4932,2
DA:4934,32
DA:4938,23
DA:4939,14
DA:4940,29
DA:4941,12
DA:4942,94
DA:4943,4
DA:4949,21
DA:4950,36
DA:4955,48
DA:4960,25
DA:4961,30
DA:4962,2
DA:4967,36
DA:4971,22
DA:4972,14
DA:4973,33
DA:4974,11
DA:4975,49
DA:4976,4
DA:4982,29
DA:4983,34
DA:4984,2
DA:4986,32
DA:4990,22
DA:4991,14
DA:4992,29
DA:4993,11
DA:4994,45
DA:4995,4
DA:5001,25
DA:5002,30
DA:5003,2
DA:5005,33
DA:5009,24
DA:5010,14
DA:5011,30
DA:5012,13
DA:5013,51
DA:5014,4
DA:5020,26
DA:5021,31
DA:5022,2
DA:5027,26
DA:5031,8
DA:5032,10
DA:5033,10
DA:5034,9
DA:5035,5
DA:5036,14
DA:5037,23
DA:5038,15
DA:5039,15
DA:5040,11
DA:5041,97
DA:5042,4
DA:5048,28
DA:5049,41
DA:5050,40
DA:5051,7
DA:5052,49
DA:5053,52
DA:5059,29
DA:5060,41
DA:5061,32
DA:5062,7
DA:5063,49
DA:5064,52
DA:5070,27
DA:5071,41
DA:5072,32
DA:5073,7
DA:5074,49
DA:5075,52
DA:5081,31
DA:5082,41
DA:5083,40
DA:5084,7
DA:5085,49
DA:5086,51
DA:5092,43
DA:5093,2
DA:5098,33
DA:5102,8
DA:5103,8
DA:5104,12
DA:5105,5
DA:5106,14
DA:5107,30
DA:5108,13
DA:5109,14
DA:5110,118
DA:5111,4
DA:5117,24
DA:5118,24
DA:5119,23
DA:5120,6
DA:5121,45
DA:5127,10
DA:5128,8
DA:5129,9
DA:5130,5
DA:5131,24
DA:5132,23
DA:5133,6
DA:5134,51
DA:5140,26
DA:5141,31
DA:5142,2
DA:5144,32
DA:5148,22
DA:5149,14
DA:5150,29
DA:5151,11
DA:5152,48
DA:5153,4
DA:5159,25
DA:5160,30
DA:5161,2
DA:5163,32
DA:5167,26
DA:5168,14
DA:5169,29
DA:5170,9
DA:5171,11
DA:5172,107
DA:5173,4
DA:5179,27
DA:5180,42
DA:5185,23
DA:5186,35
DA:5191,25
DA:5192,30
DA:5193,2
DA:5198,26
DA:5202,8
DA:5203,10
DA:5204,10
DA:5205,5
DA:5206,13
DA:5207,5
DA:5208,14
DA:5209,23
DA:5210,15
DA:5211,15
DA:5212,10
DA:5213,15
DA:5214,114
DA:5215,4
DA:5221,22
DA:5222,51
DA:5223,23
DA:5224,18
DA:5225,7
DA:5226,20
DA:5227,8
DA:5228,4
DA:5234,23
DA:5235,49
DA:5236,23
DA:5237,18
DA:5238,7
DA:5239,24
DA:5240,8
DA:5241,4
DA:5247,20
DA:5248,55
DA:5249,23
DA:5250,18
DA:5251,7
DA:5252,20
DA:5253,8
DA:5254,4
DA:5260,29
DA:5261,59
DA:5262,23
DA:5263,18
DA:5264,7
DA:5265,20
DA:5266,8
DA:5267,4
DA:5273,25
DA:5274,51
DA:5275,23
DA:5276,18
DA:5277,6
DA:5278,20
DA:5279,8
DA:5280,4
DA:5286,31
DA:5287,59
DA:5288,23
DA:5289,18
DA:5290,7
DA:5291,20
DA:5292,8
DA:5293,4
DA:5299,0
DA:5300,0
DA:5301,0
DA:5302,0
DA:5303,0
DA:5304,3
DA:5309,43
DA:5310,2
DA:5315,27
DA:5319,23
DA:5320,14
DA:5321,24
DA:5322,12
DA:5323,44
DA:5324,4
DA:5330,17
DA:5331,44
DA:5336,45
DA:5337,2
DA:5339,31
DA:5343,23
DA:5344,14
DA:5345,28
DA:5346,12
DA:5347,48
DA:5348,4
DA:5354,18
DA:5355,44
DA:5360,18
DA:5361,44
DA:5366,19
DA:5367,45
DA:5372,24
DA:5373,29
DA:5374,2
DA:5376,28
DA:5380,30
DA:5381,14
DA:5382,25
DA:5383,21
DA:5384,13
DA:5385,69
DA:5386,4
DA:5392,58
DA:5397,8
DA:5398,5
DA:5399,12
DA:5400,11
DA:5401,5
DA:5402,18
DA:5403,26
DA:5404,9
DA:5405,4
DA:5406,80
DA:5407,53
DA:5408,46
DA:5414,47
DA:5415,2
DA:5417,29
DA:5421,26
DA:5422,14
DA:5423,26
DA:5424,9
DA:5425,11
DA:5426,51
DA:5427,4
DA:5433,45
DA:5438,48
DA:5443,53
DA:5448,8
DA:5453,22
DA:5454,27
DA:5455,2
DA:5457,32
DA:5461,30
DA:5462,14
DA:5463,29
DA:5464,10
DA:5465,9
DA:5466,10
DA:5467,69
DA:5468,4
DA:5474,21
DA:5475,41
DA:5480,0
DA:5481,3
DA:5486,0
DA:5487,3
DA:5492,24
DA:5493,43
DA:5498,21
DA:5499,42
DA:5504,0
DA:5505,3
DA:5510,25
DA:5511,30
DA:5512,2
DA:5514,28
DA:5518,27
DA:5519,14
DA:5520,25
DA:5521,11
DA:5522,10
DA:5523,63
DA:5524,4
DA:5530,19
DA:5531,43
DA:5536,0
DA:5537,3
DA:5542,56
DA:5547,47
DA:5548,2
DA:5550,31
DA:5554,22
DA:5555,14
DA:5556,28
DA:5557,11
DA:5558,49
DA:5559,4
DA:5565,0
DA:5566,0
DA:5567,3
DA:5573,51
DA:5578,24
DA:5579,29
DA:5580,2
DA:5585,24
DA:5589,32
DA:5590,54
DA:5591,4
DA:5596,22
DA:5597,30
DA:5598,20
DA:5599,31
DA:5600,26
DA:5601,29
DA:5602,46
DA:5603,33
DA:5604,52
DA:5605,39
DA:5607,60
DA:5608,41
DA:5612,56
DA:5613,31
DA:5614,23
DA:5615,21
DA:5616,27
DA:5618,10
DA:5619,19
DA:5620,53
DA:5621,37
DA:5622,0
DA:5623,0
DA:5624,5
DA:5625,23
DA:5626,30
DA:5627,34
DA:5628,19
DA:5629,10
DA:5630,19
DA:5631,58
DA:5632,5
DA:5633,24
DA:5634,31
DA:5635,56
DA:5636,5
DA:5637,27
DA:5638,32
DA:5639,91
DA:5640,5
DA:5641,23
DA:5642,30
DA:5643,68
DA:5644,5
DA:5645,26
DA:5646,31
DA:5647,43
DA:5648,0
DA:5650,3
DA:5657,10
DA:5661,26
DA:5662,40
DA:5663,26
DA:5664,42
DA:5665,6
DA:5666,11
DA:5672,22
DA:5673,32
DA:5674,25
DA:5675,35
DA:5677,39
DA:5678,43
DA:5679,39
DA:5680,13
DA:5681,0
DA:5682,6
DA:5683,6
DA:5684,11
DA:5690,13
DA:5694,28
DA:5695,42
DA:5696,28
DA:5697,47
DA:5698,8
DA:5699,13
DA:5705,24
DA:5706,34
DA:5707,27
DA:5708,37
DA:5710,40
DA:5711,47
DA:5712,41
DA:5713,13
DA:5714,0
DA:5715,8
DA:5716,8
DA:5717,10
DA:5719,3
DA:5720,4
DA:5725,22
DA:5726,30
DA:5727,20
DA:5728,26
DA:5729,26
DA:5730,29
DA:5731,42
DA:5732,5
DA:5733,21
DA:5734,25
DA:5735,24
DA:5736,31
DA:5737,50
DA:5738,5
DA:5739,23
DA:5740,30
DA:5741,19
DA:5742,5
DA:5743,26
DA:5744,31
DA:5745,58
DA:5746,24
DA:5747,18
DA:5748,29
DA:5749,31
DA:5750,1
DA:5751,5
DA:5752,27
DA:5753,32
DA:5754,55
DA:5755,56
DA:5758,57
DA:5759,59
DA:5761,63
DA:5762,39
DA:5763,28
DA:5764,46
DA:5765,1
DA:5766,45
DA:5767,28
DA:5768,46
DA:5769,1
DA:5770,9
DA:5771,8
DA:5774,63
DA:5775,65
DA:5777,65
DA:5778,40
DA:5779,28
DA:5780,49
DA:5781,1
DA:5782,46
DA:5783,28
DA:5784,49
DA:5785,1
DA:5786,9
DA:5787,8
DA:5789,29
DA:5790,0
DA:5792,3
DA:5799,28
DA:5800,32
DA:5801,30
DA:5802,17
DA:5808,20
DA:5809,40
DA:5810,26
DA:5811,46
DA:5812,23
DA:5813,52
DA:5814,23
DA:5815,53
DA:5816,24
DA:5817,0
DA:5818,4
DA:5820,36
DA:5821,26
DA:5823,45
DA:5824,61
DA:5825,66
DA:5826,10
DA:5827,6
DA:5828,4
DA:5829,4
DA:5831,24
DA:5837,0
DA:5838,0
DA:5839,0
DA:5840,3
DA:5847,24
DA:5848,33
DA:5849,32
DA:5850,24
DA:5851,26
DA:5852,16
DA:5853,25
DA:5854,32
DA:5855,25
DA:5856,32
DA:5857,12
DA:5858,1
DA:5859,5
DA:5860,28
DA:5861,33
DA:5862,60
DA:5863,5
DA:5864,25
DA:5865,32
DA:5866,65
DA:5867,44
DA:5868,17
DA:5869,12
DA:5870,48
DA:5871,5
DA:5872,26
DA:5873,33
DA:5874,26
DA:5875,14
DA:5876,31
DA:5877,1
DA:5878,5
DA:5879,29
DA:5880,34
DA:5881,57
DA:5882,57
DA:5883,59
DA:5884,0
DA:5886,2
DA:5888,6
DA:5890,24
DA:5896,43
DA:5897,20
DA:5898,31
DA:5899,45
DA:5900,47
DA:5901,21
DA:5902,32
DA:5903,45
DA:5904,20
DA:5905,29
DA:5906,2
DA:5911,30
DA:5915,8
DA:5916,10
DA:5917,6
DA:5918,9
DA:5919,5
DA:5920,14
DA:5921,27
DA:5922,15
DA:5923,11
DA:5924,11
DA:5925,107
DA:5926,62
DA:5927,18
DA:5928,51
DA:5929,4
DA:5935,15
DA:5936,51
DA:5941,30
DA:5942,56
DA:5943,65
DA:5949,29
DA:5950,45
DA:5951,65
DA:5957,25
DA:5958,57
DA:5963,14
DA:5964,10
DA:5965,6
DA:5966,9
DA:5967,43
DA:5973,36
DA:5974,33
DA:5975,37
DA:5976,41
DA:5977,80
DA:5978,34
DA:5979,27
DA:5980,17
DA:5981,13
DA:5982,15
DA:5983,1
DA:5984,15
DA:5986,39
DA:5987,69
DA:5988,58
DA:5989,41
DA:5990,46
DA:5991,8
DA:5992,8
DA:5993,13
DA:5995,4
DA:6002,33
DA:6003,39
DA:6004,24
DA:6005,13
DA:6006,48
DA:6013,29
DA:6014,29
DA:6019,27
DA:6020,29
DA:6025,23
DA:6026,28
DA:6027,2
DA:6036,35
DA:6040,8
DA:6041,12
DA:6042,15
DA:6043,5
DA:6044,30
DA:6045,15
DA:6046,14
DA:6047,87
DA:6048,4
DA:6053,24
DA:6054,44
DA:6059,24
DA:6060,43
DA:6065,27
DA:6066,32
DA:6067,2
DA:6072,26
DA:6076,29
DA:6077,21
DA:6078,10
DA:6079,8
DA:6080,57
DA:6081,4
DA:6086,41
DA:6087,2
DA:6092,31
DA:6096,31
DA:6097,26
DA:6098,10
DA:6099,10
DA:6100,109
DA:6101,4
DA:6106,18
DA:6107,35
DA:6112,22
DA:6113,40
DA:6118,23
DA:6119,28
DA:6120,2
DA:6125,32
DA:6129,29
DA:6130,27
DA:6131,10
DA:6132,8
DA:6133,98
DA:6134,4
DA:6139,53
DA:6144,24
DA:6145,41
DA:6150,25
DA:6151,30
DA:6152,2
DA:6157,29
DA:6161,24
DA:6162,24
DA:6163,10
DA:6164,32
DA:6165,10
DA:6166,21
DA:6167,16
DA:6168,4
DA:6173,21
DA:6174,57
DA:6179,46
DA:6184,47
DA:6185,2
DA:6190,29
DA:6194,23
DA:6195,24
DA:6196,9
DA:6197,50
DA:6198,4
DA:6203,17
DA:6204,46
DA:6209,47
DA:6210,2
DA:6215,32
DA:6219,29
DA:6220,27
DA:6221,15
DA:6222,55
DA:6223,4
DA:6228,24
DA:6229,29
DA:6230,2
DA:6235,29
DA:6239,22
DA:6240,24
DA:6241,8
DA:6242,48
DA:6243,4
DA:6248,47
DA:6249,2
DA:6254,30
DA:6258,28
DA:6259,25
DA:6260,9
DA:6261,8
DA:6262,61
DA:6263,4
DA:6268,22
DA:6269,27
DA:6270,2
DA:6275,28
DA:6279,19
DA:6280,23
DA:6281,30
DA:6282,4
DA:6287,15
DA:6288,23
DA:6289,30
DA:6290,4
DA:6295,45
DA:6296,2
DA:6301,35
DA:6305,8
DA:6306,6
DA:6307,8
DA:6308,13
DA:6309,5
DA:6310,30
DA:6311,9
DA:6312,11
DA:6313,12
DA:6314,92
DA:6315,4
DA:6320,27
DA:6321,32
DA:6322,2
DA:6327,31
DA:6331,32
DA:6332,26
DA:6333,8
DA:6334,22
DA:6335,73
DA:6336,4
DA:6341,23
DA:6342,28
DA:6343,2
DA:6348,29
DA:6352,25
DA:6353,24
DA:6354,11
DA:6355,53
DA:6356,4
DA:6361,47
DA:6362,2
DA:6367,36
DA:6371,8
DA:6372,10
DA:6373,7
DA:6374,10
DA:6375,5
DA:6376,6
DA:6377,4
DA:6378,13
DA:6379,8
DA:6380,5
DA:6381,31
DA:6382,13
DA:6383,10
DA:6384,13
DA:6385,8
DA:6386,9
DA:6387,7
DA:6388,16
DA:6389,7
DA:6390,0
DA:6391,0
DA:6392,0
DA:6393,0
DA:6394,0
DA:6395,0
DA:6396,0
DA:6397,0
DA:6398,0
DA:6400,5
DA:6401,0
DA:6402,0
DA:6403,0
DA:6404,0
DA:6405,0
DA:6406,0
DA:6407,0
DA:6408,0
DA:6409,0
DA:6411,5
DA:6412,136
DA:6413,4
DA:6418,26
DA:6419,26
DA:6420,18
DA:6421,29
DA:6422,25
DA:6423,5
DA:6424,6
DA:6425,6
DA:6426,25
DA:6427,2
DA:6428,3
DA:6433,28
DA:6434,26
DA:6435,18
DA:6436,29
DA:6437,24
DA:6438,5
DA:6439,6
DA:6440,6
DA:6441,25
DA:6442,2
DA:6443,3
DA:6448,28
DA:6449,26
DA:6450,18
DA:6451,29
DA:6452,25
DA:6453,5
DA:6454,6
DA:6455,6
DA:6456,32
DA:6457,2
DA:6458,3
DA:6463,18
DA:6464,5
DA:6465,6
DA:6466,4
DA:6467,7
DA:6469,26
DA:6470,18
DA:6471,29
DA:6472,25
DA:6473,5
DA:6474,6
DA:6475,10
DA:6476,25
DA:6477,2
DA:6478,3
DA:6483,29
DA:6484,34
DA:6485,2
DA:6490,39
DA:6494,24
DA:6495,34
DA:6496,10
DA:6497,47
DA:6498,4
DA:6503,32
DA:6504,37
DA:6505,2
DA:6510,36
DA:6514,22
DA:6515,31
DA:6516,8
DA:6517,53
DA:6518,4
DA:6523,29
DA:6524,34
DA:6525,2
DA:6530,39
DA:6534,24
DA:6535,34
DA:6536,10
DA:6537,43
DA:6538,10
DA:6539,10
DA:6540,36
DA:6541,9
DA:6542,23
DA:6543,2
DA:6544,15
DA:6545,4
DA:6550,30
DA:6553,38
DA:6554,42
DA:6555,7
DA:6556,45
DA:6562,36
DA:6563,21
DA:6565,71
DA:6566,55
DA:6567,60
DA:6568,6
DA:6569,30
DA:6570,54
DA:6571,4
DA:6572,4
DA:6574,63
DA:6580,8
DA:6581,8
DA:6582,5
DA:6583,11
DA:6584,5
DA:6585,21
DA:6586,75
DA:6587,47
DA:6588,75
DA:6590,63
DA:6596,31
DA:6597,36
DA:6598,2
DA:6603,24
DA:6609,32
DA:6610,32
DA:6611,12
DA:6612,4
DA:6613,36
DA:6614,46
DA:6620,24
DA:6621,38
DA:6627,30
DA:6628,7
DA:6629,32
DA:6630,38
DA:6637,31
DA:6638,7
DA:6639,32
DA:6640,38
DA:6647,31
DA:6648,7
DA:6649,32
DA:6650,39
DA:6657,32
DA:6658,46
DA:6664,27
DA:6665,7
DA:6666,31
DA:6667,36
DA:6674,30
DA:6675,39
DA:6676,26
DA:6677,51
DA:6678,48
DA:6679,52
DA:6680,19
DA:6681,0
DA:6682,4
DA:6683,4
DA:6684,14
DA:6690,40
DA:6691,27
DA:6692,18
DA:6693,32
DA:6694,4
DA:6700,28
DA:6701,42
DA:6707,22
DA:6708,36
DA:6714,23
DA:6715,35
DA:6717,2
DA:6722,24
DA:6726,27
DA:6727,7
DA:6728,31
DA:6729,35
DA:6730,30
DA:6731,34
DA:6732,29
DA:6733,35
DA:6734,32
DA:6737,2
DA:6740,51
DA:6743,45
DA:6744,58
LF:6745
LH:2451
end_of_record
TN:
SF:cli-ts/src/tests/utils/TestUtils.ts
FNF:127
FNH:64
DA:9,42
DA:10,44
DA:11,62
DA:12,46
DA:13,53
DA:14,53
DA:15,57
DA:16,57
DA:22,57
DA:24,73
DA:25,373
DA:88,6
DA:89,29
DA:90,14
DA:91,3
DA:92,54
DA:95,35
DA:96,26
DA:97,10
DA:98,7
DA:99,9
DA:100,16
DA:101,1
DA:102,2
DA:105,39
DA:106,21
DA:107,14
DA:108,32
DA:109,17
DA:110,4
DA:113,23
DA:114,36
DA:115,28
DA:117,32
DA:118,10
DA:119,7
DA:120,6
DA:121,16
DA:122,4
DA:125,29
DA:131,48
DA:139,11
DA:140,28
DA:150,6
DA:151,6
DA:152,30
DA:153,3
DA:154,73
DA:169,6
DA:170,6
DA:171,24
DA:172,29
DA:173,3
DA:174,50
DA:175,12
DA:176,22
DA:177,35
DA:178,13
DA:179,16
DA:180,12
DA:181,18
DA:182,13
DA:183,2
DA:194,6
DA:195,8
DA:196,24
DA:197,29
DA:198,3
DA:199,51
DA:208,19
DA:209,12
DA:210,28
DA:211,53
DA:212,32
DA:213,2
DA:222,15
DA:223,12
DA:224,24
DA:225,40
DA:226,6
DA:227,2
DA:236,0
DA:237,1
DA:246,14
DA:247,12
DA:248,24
DA:249,8
DA:250,35
DA:251,2
DA:259,11
DA:260,12
DA:261,23
DA:262,18
DA:263,2
DA:272,21
DA:273,50
DA:274,30
DA:275,23
DA:276,21
DA:277,31
DA:278,25
DA:279,26
DA:280,26
DA:281,38
DA:282,0
DA:283,0
DA:284,0
DA:285,5
DA:286,0
DA:287,0
DA:288,0
DA:289,2
DA:290,4
DA:291,12
DA:292,27
DA:293,38
DA:294,11
DA:295,2
DA:304,21
DA:305,49
DA:306,52
DA:307,12
DA:308,30
DA:309,42
DA:310,22
DA:311,30
DA:312,2
DA:322,20
DA:323,12
DA:324,25
DA:325,50
DA:326,9
DA:327,5
DA:328,2
DA:336,11
DA:337,48
DA:338,23
DA:339,21
DA:340,31
DA:341,25
DA:342,26
DA:343,26
DA:344,30
DA:345,0
DA:346,0
DA:347,0
DA:348,5
DA:349,0
DA:350,0
DA:351,0
DA:352,2
DA:353,4
DA:354,12
DA:355,25
DA:356,31
DA:357,39
DA:358,14
DA:359,30
DA:360,0
DA:361,0
DA:362,0
DA:363,0
DA:364,0
DA:365,0
DA:366,0
DA:367,5
DA:368,0
DA:369,0
DA:370,0
DA:371,0
DA:372,0
DA:373,0
DA:374,0
DA:375,2
DA:376,2
DA:386,6
DA:387,6
DA:388,14
DA:389,3
DA:390,56
DA:391,44
DA:392,12
DA:393,29
DA:394,31
DA:395,39
DA:396,20
DA:397,36
DA:398,34
DA:399,20
DA:400,22
DA:401,54
DA:402,0
DA:403,0
DA:404,0
DA:405,0
DA:406,0
DA:407,0
DA:408,0
DA:409,0
DA:410,0
DA:411,0
DA:412,0
DA:413,5
DA:414,0
DA:415,0
DA:416,0
DA:417,0
DA:418,0
DA:419,0
DA:420,0
DA:421,0
DA:422,0
DA:423,0
DA:424,0
DA:425,2
DA:426,2
DA:443,6
DA:444,6
DA:445,17
DA:446,22
DA:447,9
DA:448,20
DA:449,3
DA:451,13
DA:452,20
DA:453,33
DA:455,4
DA:456,19
DA:457,29
DA:458,37
DA:459,5
DA:461,29
DA:462,44
DA:463,68
DA:464,11
DA:466,23
DA:467,52
DA:468,46
DA:471,12
DA:472,24
DA:473,30
DA:474,31
DA:475,20
DA:476,15
DA:477,31
DA:478,26
DA:479,38
DA:480,53
DA:481,27
DA:482,34
DA:483,32
DA:484,25
DA:485,37
DA:487,28
DA:488,40
DA:490,27
DA:491,26
DA:492,0
DA:493,5
DA:495,0
DA:496,5
DA:498,0
DA:499,2
DA:501,2
DA:512,6
DA:513,6
DA:514,24
DA:515,13
DA:516,3
DA:518,30
DA:519,18
DA:520,7
DA:521,22
DA:522,14
DA:523,29
DA:524,9
DA:525,17
DA:526,2
DA:536,6
DA:537,6
DA:538,24
DA:539,3
DA:540,12
DA:541,28
DA:542,34
DA:543,31
DA:544,20
DA:545,31
DA:546,12
DA:547,34
DA:548,32
DA:549,25
DA:550,37
DA:552,28
DA:553,40
DA:555,27
DA:556,26
DA:557,25
DA:558,26
DA:559,26
DA:560,20
DA:561,0
DA:562,5
DA:564,0
DA:565,5
DA:567,0
DA:568,5
DA:570,0
DA:571,5
DA:573,21
DA:574,35
DA:575,30
DA:576,2
DA:587,6
DA:588,6
DA:589,5
DA:590,18
DA:591,3
DA:592,12
DA:593,22
DA:594,28
DA:595,31
DA:596,20
DA:597,13
DA:598,31
DA:599,29
DA:600,15
DA:601,34
DA:602,32
DA:603,25
DA:604,37
DA:606,28
DA:607,40
DA:609,0
DA:610,5
DA:612,0
DA:613,5
DA:615,0
DA:616,2
DA:618,2
DA:628,6
DA:629,6
DA:630,24
DA:631,3
DA:632,12
DA:633,25
DA:634,31
DA:635,31
DA:636,20
DA:637,39
DA:638,12
DA:639,32
DA:640,34
DA:641,25
DA:642,37
DA:644,28
DA:645,40
DA:647,27
DA:648,26
DA:649,25
DA:650,26
DA:651,26
DA:652,19
DA:653,0
DA:654,0
DA:655,5
DA:657,0
DA:658,5
DA:660,0
DA:661,5
DA:663,0
DA:664,5
DA:666,21
DA:667,35
DA:668,30
DA:669,2
DA:680,6
DA:681,6
DA:682,12
DA:683,29
DA:684,3
DA:685,34
DA:686,18
DA:687,14
DA:688,14
DA:689,33
DA:690,4
DA:692,12
DA:693,27
DA:694,35
DA:695,13
DA:696,20
DA:697,31
DA:698,14
DA:699,34
DA:700,32
DA:701,25
DA:702,37
DA:704,28
DA:705,40
DA:707,0
DA:708,5
DA:710,0
DA:711,5
DA:713,0
DA:714,2
DA:716,2
DA:726,6
DA:727,6
DA:728,7
DA:729,3
DA:730,12
DA:731,28
DA:732,49
DA:733,31
DA:734,20
DA:735,31
DA:736,26
DA:737,10
DA:738,32
DA:739,0
DA:740,5
DA:742,0
DA:743,5
DA:745,0
DA:746,5
DA:748,0
DA:749,2
DA:751,2
DA:762,6
DA:763,14
DA:764,18
DA:765,29
DA:766,3
DA:767,23
DA:768,10
DA:769,10
DA:770,23
DA:771,17
DA:772,2
DA:788,6
DA:789,6
DA:790,5
DA:791,18
DA:792,20
DA:793,3
DA:794,12
DA:795,29
DA:796,54
DA:797,31
DA:798,39
DA:799,31
DA:800,47
DA:801,15
DA:802,13
DA:803,15
DA:804,0
DA:805,5
DA:807,0
DA:808,2
DA:810,2
DA:822,6
DA:823,6
DA:824,12
DA:825,18
DA:826,29
DA:827,3
DA:828,34
DA:829,18
DA:830,14
DA:831,14
DA:832,33
DA:833,4
DA:835,12
DA:836,29
DA:837,60
DA:838,13
DA:839,39
DA:840,31
DA:841,36
DA:842,14
DA:843,13
DA:844,22
DA:845,0
DA:846,5
DA:848,0
DA:849,2
DA:851,2
DA:860,6
DA:861,29
DA:862,3
DA:863,34
DA:864,18
DA:865,14
DA:866,14
DA:867,19
DA:868,4
DA:870,12
DA:871,25
DA:872,19
DA:873,13
DA:874,39
DA:875,14
DA:876,0
DA:877,5
DA:879,0
DA:880,2
DA:882,2
DA:891,6
DA:892,29
DA:893,3
DA:894,34
DA:895,18
DA:896,14
DA:897,14
DA:898,19
DA:899,4
DA:901,12
DA:902,25
DA:903,30
DA:904,13
DA:905,39
DA:906,14
DA:907,0
DA:908,5
DA:910,0
DA:911,2
DA:913,2
DA:926,15
DA:927,41
DA:937,19
DA:938,36
DA:947,0
DA:948,1
DA:957,16
DA:958,31
DA:966,0
DA:967,1
DA:980,15
DA:981,35
DA:991,6
DA:992,7
DA:993,6
DA:994,3
DA:995,42
DA:1004,15
DA:1005,28
DA:1014,15
DA:1015,36
DA:1024,15
DA:1025,12
DA:1026,24
DA:1027,31
DA:1028,34
DA:1029,21
DA:1030,18
DA:1031,18
DA:1032,16
DA:1033,34
DA:1034,2
DA:1043,6
DA:1044,9
DA:1045,3
DA:1046,27
DA:1047,18
DA:1048,14
DA:1049,9
DA:1050,17
DA:1051,2
DA:1060,19
DA:1061,33
DA:1071,0
DA:1072,0
DA:1073,0
DA:1074,0
DA:1075,0
DA:1076,0
DA:1077,0
DA:1078,1
DA:1088,6
DA:1089,12
DA:1090,7
DA:1091,3
DA:1092,63
DA:1093,24
DA:1094,32
DA:1095,25
DA:1096,2
DA:1104,0
DA:1105,1
DA:1114,19
DA:1115,63
DA:1116,52
DA:1126,6
DA:1127,12
DA:1128,32
DA:1129,3
DA:1130,65
DA:1140,6
DA:1141,15
DA:1142,13
DA:1143,3
DA:1144,52
DA:1145,56
DA:1146,39
DA:1155,14
DA:1156,38
DA:1165,0
DA:1166,1
DA:1179,15
DA:1180,67
DA:1181,23
DA:1182,18
DA:1183,7
DA:1184,20
DA:1185,8
DA:1186,2
DA:1195,0
DA:1196,0
DA:1197,0
DA:1198,0
DA:1199,0
DA:1200,0
DA:1201,0
DA:1202,0
DA:1203,0
DA:1204,0
DA:1205,0
DA:1206,0
DA:1207,0
DA:1208,0
DA:1209,0
DA:1210,1
DA:1220,6
DA:1221,12
DA:1222,17
DA:1223,3
DA:1224,26
DA:1225,59
DA:1226,54
DA:1228,39
DA:1229,55
DA:1230,5
DA:1232,23
DA:1233,7
DA:1234,10
DA:1235,8
DA:1236,2
DA:1245,15
DA:1246,32
DA:1247,18
DA:1248,25
DA:1249,14
DA:1250,19
DA:1251,17
DA:1252,2
DA:1265,21
DA:1266,23
DA:1267,18
DA:1268,14
DA:1269,14
DA:1270,33
DA:1271,2
DA:1280,0
DA:1281,0
DA:1282,0
DA:1283,0
DA:1284,0
DA:1285,0
DA:1286,1
DA:1294,11
DA:1295,24
DA:1305,31
DA:1309,0
DA:1310,0
DA:1311,0
DA:1312,0
DA:1313,0
DA:1314,0
DA:1315,0
DA:1316,0
DA:1317,0
DA:1318,3
DA:1324,0
DA:1325,0
DA:1326,0
DA:1327,0
DA:1328,0
DA:1329,0
DA:1330,0
DA:1331,3
DA:1337,0
DA:1338,0
DA:1339,0
DA:1340,0
DA:1341,0
DA:1342,0
DA:1343,0
DA:1344,3
DA:1350,0
DA:1351,0
DA:1352,0
DA:1353,0
DA:1354,0
DA:1355,0
DA:1356,0
DA:1357,0
DA:1358,1
DA:1360,2
DA:1369,0
DA:1370,1
DA:1376,0
DA:1377,1
DA:1383,0
DA:1384,1
DA:1390,0
DA:1391,1
DA:1397,0
DA:1398,1
DA:1404,0
DA:1405,1
DA:1415,32
DA:1419,0
DA:1420,3
DA:1426,0
DA:1427,3
DA:1433,0
DA:1434,3
DA:1440,0
DA:1441,0
DA:1442,0
DA:1443,0
DA:1444,1
DA:1446,2
DA:1459,6
DA:1460,6
DA:1461,6
DA:1462,3
DA:1463,27
DA:1464,18
DA:1465,22
DA:1466,12
DA:1467,2
DA:1476,16
DA:1477,35
DA:1486,16
DA:1487,35
DA:1496,16
DA:1497,36
DA:1508,6
DA:1509,6
DA:1510,9
DA:1511,17
DA:1512,3
DA:1513,53
DA:1514,41
DA:1515,50
DA:1517,25
DA:1518,18
DA:1519,7
DA:1520,9
DA:1521,11
DA:1522,9
DA:1523,6
DA:1524,6
DA:1525,19
DA:1526,34
DA:1527,1
LF:1529
LH:613
end_of_record
